#
# There is insufficient memory for the Java Runtime Environment to continue.
# Native memory allocation (mmap) failed to map 280494080 bytes for committing reserved memory.
# Possible reasons:
#   The system is out of physical RAM or swap space
#   In 32 bit mode, the process size limit was hit
# Possible solutions:
#   Reduce memory load on the system
#   Increase physical memory or swap space
#   Check if swap backing store is full
#   Use 64 bit Java on a 64 bit OS
#   Decrease Java heap size (-Xmx/-Xms)
#   Decrease number of Java threads
#   Decrease Java thread stack sizes (-Xss)
#   Set larger code cache with -XX:ReservedCodeCacheSize=
# This output file may be truncated or incomplete.
#
#  Out of Memory Error (os_linux.cpp:2640), pid=9475, tid=0x00007f0c21cdd700
#
# JRE version: Java(TM) SE Runtime Environment (8.0_181-b13) (build 1.8.0_181-b13)
# Java VM: Java HotSpot(TM) 64-Bit Server VM (25.181-b13 mixed mode linux-amd64 compressed oops)
# Failed to write core dump. Core dumps have been disabled. To enable core dumping, try "ulimit -c unlimited" before starting Java again
#

---------------  T H R E A D  ---------------

Current thread (0x00007f0c1800a800):  JavaThread "main" [_thread_in_vm, id=9477, stack(0x00007f0c21bdd000,0x00007f0c21cde000)]

Stack: [0x00007f0c21bdd000,0x00007f0c21cde000],  sp=0x00007f0c21cdc110,  free space=1020k
Native frames: (J=compiled Java code, j=interpreted, Vv=VM code, C=native code)
V  [libjvm.so+0xad21aa]  VMError::report_and_die()+0x2ba
V  [libjvm.so+0x5022db]  report_vm_out_of_memory(char const*, int, unsigned long, VMErrorType, char const*)+0x8b
V  [libjvm.so+0x92fe33]  os::Linux::commit_memory_impl(char*, unsigned long, bool)+0x123
V  [libjvm.so+0x930059]  os::pd_commit_memory(char*, unsigned long, unsigned long, bool)+0x29
V  [libjvm.so+0x9272ba]  os::commit_memory(char*, unsigned long, unsigned long, bool)+0x2a
V  [libjvm.so+0x99d2e3]  PSVirtualSpace::expand_by(unsigned long)+0x53
V  [libjvm.so+0x98dba0]  PSOldGen::expand(unsigned long)+0x170
V  [libjvm.so+0x98de5a]  PSOldGen::expand_and_allocate(unsigned long)+0x1a
V  [libjvm.so+0x98df7b]  PSOldGen::allocate(unsigned long)+0xcb
V  [libjvm.so+0x951a1e]  ParallelScavengeHeap::mem_allocate(unsigned long, bool*)+0xfe
V  [libjvm.so+0x65c57e]  CollectedHeap::common_mem_allocate_init(KlassHandle, unsigned long, Thread*)+0x17e
V  [libjvm.so+0x64c045]  InstanceKlass::allocate_objArray(int, int, Thread*)+0x175
V  [libjvm.so+0x691ee6]  InterpreterRuntime::anewarray(JavaThread*, ConstantPool*, int, int)+0x2e6
j  java.util.Arrays.copyOf([Ljava/lang/Object;ILjava/lang/Class;)[Ljava/lang/Object;+7
j  java.util.Arrays.copyOf([Ljava/lang/Object;I)[Ljava/lang/Object;+6
j  java.util.ArrayList.grow(I)V+38
J 90% C2 Pack1.Strategy.strategia1()I (638 bytes) @ 0x00007f0c091764fc [0x00007f0c091760a0+0x45c]
j  Pack1.Main.main([Ljava/lang/String;)V+20
v  ~StubRoutines::call_stub
V  [libjvm.so+0x697a76]  JavaCalls::call_helper(JavaValue*, methodHandle*, JavaCallArguments*, Thread*)+0x1056
V  [libjvm.so+0x6d91c2]  jni_invoke_static(JNIEnv_*, JavaValue*, _jobject*, JNICallType, _jmethodID*, JNI_ArgumentPusher*, Thread*)+0x362
V  [libjvm.so+0x6f5a2a]  jni_CallStaticVoidMethod+0x17a
C  [libjli.so+0x80ff]  JavaMain+0x81f
C  [libpthread.so.0+0x8184]  start_thread+0xc4

Java frames: (J=compiled Java code, j=interpreted, Vv=VM code)
j  java.util.Arrays.copyOf([Ljava/lang/Object;ILjava/lang/Class;)[Ljava/lang/Object;+7
j  java.util.Arrays.copyOf([Ljava/lang/Object;I)[Ljava/lang/Object;+6
j  java.util.ArrayList.grow(I)V+38
J 90% C2 Pack1.Strategy.strategia1()I (638 bytes) @ 0x00007f0c091764fc [0x00007f0c091760a0+0x45c]
j  Pack1.Main.main([Ljava/lang/String;)V+20
v  ~StubRoutines::call_stub

---------------  P R O C E S S  ---------------

Java Threads: ( => current thread )
  0x00007f0c180c1000 JavaThread "Service Thread" daemon [_thread_blocked, id=9492, stack(0x00007f0c04346000,0x00007f0c04447000)]
  0x00007f0c180be000 JavaThread "C1 CompilerThread2" daemon [_thread_blocked, id=9491, stack(0x00007f0c04447000,0x00007f0c04548000)]
  0x00007f0c180bc800 JavaThread "C2 CompilerThread1" daemon [_thread_blocked, id=9490, stack(0x00007f0c04548000,0x00007f0c04649000)]
  0x00007f0c180b9800 JavaThread "C2 CompilerThread0" daemon [_thread_blocked, id=9489, stack(0x00007f0c04649000,0x00007f0c0474a000)]
  0x00007f0c180b8000 JavaThread "Signal Dispatcher" daemon [_thread_blocked, id=9488, stack(0x00007f0c0474a000,0x00007f0c0484b000)]
  0x00007f0c18084800 JavaThread "Finalizer" daemon [_thread_blocked, id=9487, stack(0x00007f0c0505e000,0x00007f0c0515f000)]
  0x00007f0c18082000 JavaThread "Reference Handler" daemon [_thread_blocked, id=9486, stack(0x00007f0c0515f000,0x00007f0c05260000)]
=>0x00007f0c1800a800 JavaThread "main" [_thread_in_vm, id=9477, stack(0x00007f0c21bdd000,0x00007f0c21cde000)]

Other Threads:
  0x00007f0c18078800 VMThread [stack: 0x00007f0c1c002000,0x00007f0c1c103000] [id=9485]
  0x00007f0c180c6000 WatcherThread [stack: 0x00007f0c04245000,0x00007f0c04346000] [id=9493]

VM state:not at safepoint (normal execution)

VM Mutex/Monitor currently owned by a thread:  ([mutex/lock_event])
[0x00007f0c18006420] ExpandHeap_lock - owner thread: 0x00007f0c1800a800
[0x00007f0c18006fa0] Heap_lock - owner thread: 0x00007f0c1800a800

Heap:
 PSYoungGen      total 36864K, used 27708K [0x00000000d6f00000, 0x00000000db700000, 0x0000000100000000)
  eden space 31744K, 86% used [0x00000000d6f00000,0x00000000d89af288,0x00000000d8e00000)
  from space 5120K, 7% used [0x00000000d8e00000,0x00000000d8e60020,0x00000000d9300000)
  to   space 5120K, 0% used [0x00000000db200000,0x00000000db200000,0x00000000db700000)
 ParOldGen       total 525312K, used 506643K [0x0000000084c00000, 0x00000000a4d00000, 0x00000000d6f00000)
  object space 525312K, 96% used [0x0000000084c00000,0x00000000a3ac4ca8,0x00000000a4d00000)
 Metaspace       used 2607K, capacity 4564K, committed 4864K, reserved 1056768K
  class space    used 273K, capacity 388K, committed 512K, reserved 1048576K

Card table byte_map: [0x00007f0c1e5a5000,0x00007f0c1e980000] byte_map_base: 0x00007f0c1e17f000

Marking Bits: (ParMarkBitMap*) 0x00007f0c210b40a0
 Begin Bits: [0x00007f0c05260000, 0x00007f0c07130000)
 End Bits:   [0x00007f0c07130000, 0x00007f0c09000000)

Polling page: 0x00007f0c21d01000

CodeCache: size=245760Kb used=1488Kb max_used=1501Kb free=244271Kb
 bounds [0x00007f0c09000000, 0x00007f0c09270000, 0x00007f0c18000000]
 total_blobs=325 nmethods=91 adapters=149
 compilation: enabled

Compilation events (10 events):
Event: 0,484 Thread 0x00007f0c180b9800 nmethod 87 0x00007f0c0913a190 code [0x00007f0c0913a2e0, 0x00007f0c0913a378]
Event: 0,507 Thread 0x00007f0c180be000 nmethod 85% 0x00007f0c0913a410 code [0x00007f0c0913b220, 0x00007f0c09144fa8]
Event: 0,511 Thread 0x00007f0c180be000   88 %     3       Pack1.Strategy::strategia1 @ 546 (638 bytes)
Event: 0,537 Thread 0x00007f0c180be000 nmethod 88% 0x00007f0c0914da50 code [0x00007f0c0914e840, 0x00007f0c091582a8]
Event: 0,537 Thread 0x00007f0c180be000   89 %     3       Pack1.Strategy::strategia1 @ 579 (638 bytes)
Event: 0,563 Thread 0x00007f0c180be000 nmethod 89% 0x00007f0c09160b90 code [0x00007f0c091619a0, 0x00007f0c0916b408]
Event: 0,564 Thread 0x00007f0c180b9800   90 %     4       Pack1.Strategy::strategia1 @ 546 (638 bytes)
Event: 0,609 Thread 0x00007f0c180b9800 nmethod 90% 0x00007f0c09175e90 code [0x00007f0c091760a0, 0x00007f0c09176ad8]
Event: 0,609 Thread 0x00007f0c180bc800   91 %     4       Pack1.Strategy::strategia1 @ 579 (638 bytes)
Event: 0,656 Thread 0x00007f0c180bc800 nmethod 91% 0x00007f0c09177810 code [0x00007f0c09177a20, 0x00007f0c091784b8]

GC Heap History (2 events):
Event: 2,276 GC heap before
{Heap before GC invocations=1 (full 0):
 PSYoungGen      total 36864K, used 22715K [0x00000000d6f00000, 0x00000000d9800000, 0x0000000100000000)
  eden space 31744K, 71% used [0x00000000d6f00000,0x00000000d852ec30,0x00000000d8e00000)
  from space 5120K, 0% used [0x00000000d9300000,0x00000000d9300000,0x00000000d9800000)
  to   space 5120K, 0% used [0x00000000d8e00000,0x00000000d8e00000,0x00000000d9300000)
 ParOldGen       total 84992K, used 0K [0x0000000084c00000, 0x0000000089f00000, 0x00000000d6f00000)
  object space 84992K, 0% used [0x0000000084c00000,0x0000000084c00000,0x0000000089f00000)
 Metaspace       used 2607K, capacity 4564K, committed 4864K, reserved 1056768K
  class space    used 273K, capacity 388K, committed 512K, reserved 1048576K
Event: 2,397 GC heap after
Heap after GC invocations=1 (full 0):
 PSYoungGen      total 36864K, used 384K [0x00000000d6f00000, 0x00000000db700000, 0x0000000100000000)
  eden space 31744K, 0% used [0x00000000d6f00000,0x00000000d6f00000,0x00000000d8e00000)
  from space 5120K, 7% used [0x00000000d8e00000,0x00000000d8e60020,0x00000000d9300000)
  to   space 5120K, 0% used [0x00000000db200000,0x00000000db200000,0x00000000db700000)
 ParOldGen       total 84992K, used 7130K [0x0000000084c00000, 0x0000000089f00000, 0x00000000d6f00000)
  object space 84992K, 8% used [0x0000000084c00000,0x00000000852f6808,0x0000000089f00000)
 Metaspace       used 2607K, capacity 4564K, committed 4864K, reserved 1056768K
  class space    used 273K, capacity 388K, committed 512K, reserved 1048576K
}

Deoptimization events (0 events):
No events

Classes redefined (0 events):
No events

Internal exceptions (2 events):
Event: 0,151 Thread 0x00007f0c1800a800 Exception <a 'java/lang/NoSuchMethodError': Method sun.misc.Unsafe.defineClass(Ljava/lang/String;[BII)Ljava/lang/Class; name or signature does not match> (0x00000000d6f07cb0) thrown at [/HUDSON/workspace/8-2-build-linux-amd64/jdk8u181/11358/hotspot/src/sh
Event: 0,151 Thread 0x00007f0c1800a800 Exception <a 'java/lang/NoSuchMethodError': Method sun.misc.Unsafe.prefetchRead(Ljava/lang/Object;J)V name or signature does not match> (0x00000000d6f07f98) thrown at [/HUDSON/workspace/8-2-build-linux-amd64/jdk8u181/11358/hotspot/src/share/vm/prims/jni.c

Events (10 events):
Event: 0,377 loading class sun/security/action/GetBooleanAction
Event: 0,377 loading class sun/security/action/GetBooleanAction done
Event: 0,377 loading class java/util/TimSort
Event: 0,378 loading class java/util/TimSort done
Event: 0,619 Thread 0x00007f0c1800a800 DEOPT PACKING pc=0x00007f0c091578bd sp=0x00007f0c21cdc610
Event: 0,619 Thread 0x00007f0c1800a800 DEOPT UNPACKING pc=0x00007f0c09047784 sp=0x00007f0c21cdc588 mode 0
Event: 2,275 Executing VM operation: ParallelGCFailedAllocation
Event: 2,397 Executing VM operation: ParallelGCFailedAllocation done
Event: 4,345 Executing VM operation: EnableBiasedLocking
Event: 4,358 Executing VM operation: EnableBiasedLocking done


Dynamic libraries:
00400000-00401000 r-xp 00000000 08:05 25088                              /usr/lib/jvm/java-8-oracle/bin/java
00600000-00601000 rw-p 00000000 08:05 25088                              /usr/lib/jvm/java-8-oracle/bin/java
01a52000-01a73000 rw-p 00000000 00:00 0                                  [heap]
84c00000-a4d00000 rw-p 00000000 00:00 0 
b5880000-d6f00000 ---p 00000000 00:00 0 
d6f00000-db700000 rw-p 00000000 00:00 0 
db700000-100000000 ---p 00000000 00:00 0 
100000000-100080000 rw-p 00000000 00:00 0 
100080000-140000000 ---p 00000000 00:00 0 
7f0bcfe66000-7f0bd0000000 rw-p 00000000 00:00 0 
7f0bd0000000-7f0bd0021000 rw-p 00000000 00:00 0 
7f0bd0021000-7f0bd4000000 ---p 00000000 00:00 0 
7f0bd4000000-7f0bd4021000 rw-p 00000000 00:00 0 
7f0bd4021000-7f0bd8000000 ---p 00000000 00:00 0 
7f0bd8000000-7f0bd8078000 rw-p 00000000 00:00 0 
7f0bd8078000-7f0bdc000000 ---p 00000000 00:00 0 
7f0bdc000000-7f0bdc307000 rw-p 00000000 00:00 0 
7f0bdc307000-7f0be0000000 ---p 00000000 00:00 0 
7f0be0000000-7f0be0021000 rw-p 00000000 00:00 0 
7f0be0021000-7f0be4000000 ---p 00000000 00:00 0 
7f0be4000000-7f0be4116000 rw-p 00000000 00:00 0 
7f0be4116000-7f0be8000000 ---p 00000000 00:00 0 
7f0be8000000-7f0be8021000 rw-p 00000000 00:00 0 
7f0be8021000-7f0bec000000 ---p 00000000 00:00 0 
7f0bec000000-7f0bec021000 rw-p 00000000 00:00 0 
7f0bec021000-7f0bf0000000 ---p 00000000 00:00 0 
7f0bf0000000-7f0bf0021000 rw-p 00000000 00:00 0 
7f0bf0021000-7f0bf4000000 ---p 00000000 00:00 0 
7f0bf4000000-7f0bf4021000 rw-p 00000000 00:00 0 
7f0bf4021000-7f0bf8000000 ---p 00000000 00:00 0 
7f0bf8000000-7f0bf8021000 rw-p 00000000 00:00 0 
7f0bf8021000-7f0bfc000000 ---p 00000000 00:00 0 
7f0bfc000000-7f0bfc021000 rw-p 00000000 00:00 0 
7f0bfc021000-7f0c00000000 ---p 00000000 00:00 0 
7f0c00000000-7f0c00021000 rw-p 00000000 00:00 0 
7f0c00021000-7f0c04000000 ---p 00000000 00:00 0 
7f0c0412f000-7f0c04220000 rw-p 00000000 00:00 0 
7f0c04220000-7f0c04245000 r--p 00000000 08:05 410443                     /usr/share/locale-langpack/pl/LC_MESSAGES/libc.mo
7f0c04245000-7f0c04246000 ---p 00000000 00:00 0 
7f0c04246000-7f0c04346000 rw-p 00000000 00:00 0                          [stack:9493]
7f0c04346000-7f0c04349000 ---p 00000000 00:00 0 
7f0c04349000-7f0c04447000 rw-p 00000000 00:00 0                          [stack:9492]
7f0c04447000-7f0c0444a000 ---p 00000000 00:00 0 
7f0c0444a000-7f0c04548000 rw-p 00000000 00:00 0                          [stack:9491]
7f0c04548000-7f0c0454b000 ---p 00000000 00:00 0 
7f0c0454b000-7f0c04649000 rw-p 00000000 00:00 0                          [stack:9490]
7f0c04649000-7f0c0464c000 ---p 00000000 00:00 0 
7f0c0464c000-7f0c0474a000 rw-p 00000000 00:00 0                          [stack:9489]
7f0c0474a000-7f0c0474d000 ---p 00000000 00:00 0 
7f0c0474d000-7f0c0484b000 rw-p 00000000 00:00 0                          [stack:9488]
7f0c0484b000-7f0c0505e000 r--p 00000000 08:05 65577                      /usr/lib/locale/locale-archive
7f0c0505e000-7f0c05061000 ---p 00000000 00:00 0 
7f0c05061000-7f0c0515f000 rw-p 00000000 00:00 0                          [stack:9487]
7f0c0515f000-7f0c05162000 ---p 00000000 00:00 0 
7f0c05162000-7f0c09000000 rw-p 00000000 00:00 0                          [stack:9486]
7f0c09000000-7f0c09270000 rwxp 00000000 00:00 0 
7f0c09270000-7f0c18000000 ---p 00000000 00:00 0 
7f0c18000000-7f0c180f9000 rw-p 00000000 00:00 0 
7f0c180f9000-7f0c1c000000 ---p 00000000 00:00 0 
7f0c1c002000-7f0c1c003000 ---p 00000000 00:00 0 
7f0c1c003000-7f0c1d0e5000 rw-p 00000000 00:00 0                          [stack:9485]
7f0c1d0e5000-7f0c1d2bf000 r--s 03d6b000 08:05 185715                     /usr/lib/jvm/java-8-oracle/jre/lib/rt.jar
7f0c1d2bf000-7f0c1d775000 rw-p 00000000 00:00 0 
7f0c1d775000-7f0c1db35000 ---p 00000000 00:00 0 
7f0c1db35000-7f0c1df0f000 rw-p 00000000 00:00 0 
7f0c1df0f000-7f0c1df10000 ---p 00000000 00:00 0 
7f0c1df10000-7f0c1e010000 rw-p 00000000 00:00 0                          [stack:9484]
7f0c1e010000-7f0c1e011000 ---p 00000000 00:00 0 
7f0c1e011000-7f0c1e111000 rw-p 00000000 00:00 0                          [stack:9483]
7f0c1e111000-7f0c1e112000 ---p 00000000 00:00 0 
7f0c1e112000-7f0c1e212000 rw-p 00000000 00:00 0                          [stack:9482]
7f0c1e212000-7f0c1e213000 ---p 00000000 00:00 0 
7f0c1e213000-7f0c1e414000 rw-p 00000000 00:00 0                          [stack:9481]
7f0c1e414000-7f0c1e5a5000 ---p 00000000 00:00 0 
7f0c1e5a5000-7f0c1e6a6000 rw-p 00000000 00:00 0 
7f0c1e6a6000-7f0c1e836000 ---p 00000000 00:00 0 
7f0c1e836000-7f0c1e85b000 rw-p 00000000 00:00 0 
7f0c1e85b000-7f0c1e97f000 ---p 00000000 00:00 0 
7f0c1e97f000-7f0c1e98a000 rw-p 00000000 00:00 0 
7f0c1e98a000-7f0c1ed40000 ---p 00000000 00:00 0 
7f0c1ed40000-7f0c1ed5b000 r-xp 00000000 08:05 309178                     /usr/lib/jvm/java-8-oracle/jre/lib/amd64/libzip.so
7f0c1ed5b000-7f0c1ef5b000 ---p 0001b000 08:05 309178                     /usr/lib/jvm/java-8-oracle/jre/lib/amd64/libzip.so
7f0c1ef5b000-7f0c1ef5c000 rw-p 0001b000 08:05 309178                     /usr/lib/jvm/java-8-oracle/jre/lib/amd64/libzip.so
7f0c1ef5c000-7f0c1ef66000 r-xp 00000000 08:05 10751                      /lib/x86_64-linux-gnu/libnss_files-2.19.so
7f0c1ef66000-7f0c1f165000 ---p 0000a000 08:05 10751                      /lib/x86_64-linux-gnu/libnss_files-2.19.so
7f0c1f165000-7f0c1f166000 r--p 00009000 08:05 10751                      /lib/x86_64-linux-gnu/libnss_files-2.19.so
7f0c1f166000-7f0c1f167000 rw-p 0000a000 08:05 10751                      /lib/x86_64-linux-gnu/libnss_files-2.19.so
7f0c1f167000-7f0c1f172000 r-xp 00000000 08:05 11112                      /lib/x86_64-linux-gnu/libnss_nis-2.19.so
7f0c1f172000-7f0c1f371000 ---p 0000b000 08:05 11112                      /lib/x86_64-linux-gnu/libnss_nis-2.19.so
7f0c1f371000-7f0c1f372000 r--p 0000a000 08:05 11112                      /lib/x86_64-linux-gnu/libnss_nis-2.19.so
7f0c1f372000-7f0c1f373000 rw-p 0000b000 08:05 11112                      /lib/x86_64-linux-gnu/libnss_nis-2.19.so
7f0c1f373000-7f0c1f38a000 r-xp 00000000 08:05 10735                      /lib/x86_64-linux-gnu/libnsl-2.19.so
7f0c1f38a000-7f0c1f589000 ---p 00017000 08:05 10735                      /lib/x86_64-linux-gnu/libnsl-2.19.so
7f0c1f589000-7f0c1f58a000 r--p 00016000 08:05 10735                      /lib/x86_64-linux-gnu/libnsl-2.19.so
7f0c1f58a000-7f0c1f58b000 rw-p 00017000 08:05 10735                      /lib/x86_64-linux-gnu/libnsl-2.19.so
7f0c1f58b000-7f0c1f58d000 rw-p 00000000 00:00 0 
7f0c1f58d000-7f0c1f596000 r-xp 00000000 08:05 11044                      /lib/x86_64-linux-gnu/libnss_compat-2.19.so
7f0c1f596000-7f0c1f795000 ---p 00009000 08:05 11044                      /lib/x86_64-linux-gnu/libnss_compat-2.19.so
7f0c1f795000-7f0c1f796000 r--p 00008000 08:05 11044                      /lib/x86_64-linux-gnu/libnss_compat-2.19.so
7f0c1f796000-7f0c1f797000 rw-p 00009000 08:05 11044                      /lib/x86_64-linux-gnu/libnss_compat-2.19.so
7f0c1f797000-7f0c1f7c2000 r-xp 00000000 08:05 309203                     /usr/lib/jvm/java-8-oracle/jre/lib/amd64/libjava.so
7f0c1f7c2000-7f0c1f9c1000 ---p 0002b000 08:05 309203                     /usr/lib/jvm/java-8-oracle/jre/lib/amd64/libjava.so
7f0c1f9c1000-7f0c1f9c3000 rw-p 0002a000 08:05 309203                     /usr/lib/jvm/java-8-oracle/jre/lib/amd64/libjava.so
7f0c1f9c3000-7f0c1f9d0000 r-xp 00000000 08:05 309217                     /usr/lib/jvm/java-8-oracle/jre/lib/amd64/libverify.so
7f0c1f9d0000-7f0c1fbd0000 ---p 0000d000 08:05 309217                     /usr/lib/jvm/java-8-oracle/jre/lib/amd64/libverify.so
7f0c1fbd0000-7f0c1fbd2000 rw-p 0000d000 08:05 309217                     /usr/lib/jvm/java-8-oracle/jre/lib/amd64/libverify.so
7f0c1fbd2000-7f0c1fbd9000 r-xp 00000000 08:05 11009                      /lib/x86_64-linux-gnu/librt-2.19.so
7f0c1fbd9000-7f0c1fdd8000 ---p 00007000 08:05 11009                      /lib/x86_64-linux-gnu/librt-2.19.so
7f0c1fdd8000-7f0c1fdd9000 r--p 00006000 08:05 11009                      /lib/x86_64-linux-gnu/librt-2.19.so
7f0c1fdd9000-7f0c1fdda000 rw-p 00007000 08:05 11009                      /lib/x86_64-linux-gnu/librt-2.19.so
7f0c1fdda000-7f0c1fedf000 r-xp 00000000 08:05 10856                      /lib/x86_64-linux-gnu/libm-2.19.so
7f0c1fedf000-7f0c200de000 ---p 00105000 08:05 10856                      /lib/x86_64-linux-gnu/libm-2.19.so
7f0c200de000-7f0c200df000 r--p 00104000 08:05 10856                      /lib/x86_64-linux-gnu/libm-2.19.so
7f0c200df000-7f0c200e0000 rw-p 00105000 08:05 10856                      /lib/x86_64-linux-gnu/libm-2.19.so
7f0c200e0000-7f0c20dbc000 r-xp 00000000 08:05 309232                     /usr/lib/jvm/java-8-oracle/jre/lib/amd64/server/libjvm.so
7f0c20dbc000-7f0c20fbc000 ---p 00cdc000 08:05 309232                     /usr/lib/jvm/java-8-oracle/jre/lib/amd64/server/libjvm.so
7f0c20fbc000-7f0c21096000 rw-p 00cdc000 08:05 309232                     /usr/lib/jvm/java-8-oracle/jre/lib/amd64/server/libjvm.so
7f0c21096000-7f0c210e1000 rw-p 00000000 00:00 0 
7f0c210e1000-7f0c2129f000 r-xp 00000000 08:05 10889                      /lib/x86_64-linux-gnu/libc-2.19.so
7f0c2129f000-7f0c2149f000 ---p 001be000 08:05 10889                      /lib/x86_64-linux-gnu/libc-2.19.so
7f0c2149f000-7f0c214a3000 r--p 001be000 08:05 10889                      /lib/x86_64-linux-gnu/libc-2.19.so
7f0c214a3000-7f0c214a5000 rw-p 001c2000 08:05 10889                      /lib/x86_64-linux-gnu/libc-2.19.so
7f0c214a5000-7f0c214aa000 rw-p 00000000 00:00 0 
7f0c214aa000-7f0c214ad000 r-xp 00000000 08:05 11008                      /lib/x86_64-linux-gnu/libdl-2.19.so
7f0c214ad000-7f0c216ac000 ---p 00003000 08:05 11008                      /lib/x86_64-linux-gnu/libdl-2.19.so
7f0c216ac000-7f0c216ad000 r--p 00002000 08:05 11008                      /lib/x86_64-linux-gnu/libdl-2.19.so
7f0c216ad000-7f0c216ae000 rw-p 00003000 08:05 11008                      /lib/x86_64-linux-gnu/libdl-2.19.so
7f0c216ae000-7f0c216c4000 r-xp 00000000 08:05 26050                      /usr/lib/jvm/java-8-oracle/lib/amd64/jli/libjli.so
7f0c216c4000-7f0c218c3000 ---p 00016000 08:05 26050                      /usr/lib/jvm/java-8-oracle/lib/amd64/jli/libjli.so
7f0c218c3000-7f0c218c4000 rw-p 00015000 08:05 26050                      /usr/lib/jvm/java-8-oracle/lib/amd64/jli/libjli.so
7f0c218c4000-7f0c218dd000 r-xp 00000000 08:05 10891                      /lib/x86_64-linux-gnu/libpthread-2.19.so
7f0c218dd000-7f0c21adc000 ---p 00019000 08:05 10891                      /lib/x86_64-linux-gnu/libpthread-2.19.so
7f0c21adc000-7f0c21add000 r--p 00018000 08:05 10891                      /lib/x86_64-linux-gnu/libpthread-2.19.so
7f0c21add000-7f0c21ade000 rw-p 00019000 08:05 10891                      /lib/x86_64-linux-gnu/libpthread-2.19.so
7f0c21ade000-7f0c21ae2000 rw-p 00000000 00:00 0 
7f0c21ae2000-7f0c21b05000 r-xp 00000000 08:05 11041                      /lib/x86_64-linux-gnu/ld-2.19.so
7f0c21b12000-7f0c21bdd000 rw-p 00000000 00:00 0 
7f0c21bdd000-7f0c21be0000 ---p 00000000 00:00 0 
7f0c21be0000-7f0c21ce2000 rw-p 00000000 00:00 0                          [stack:9477]
7f0c21cee000-7f0c21cf1000 rw-p 00000000 00:00 0 
7f0c21cf1000-7f0c21cf8000 r--s 00000000 08:05 268264                     /usr/lib/x86_64-linux-gnu/gconv/gconv-modules.cache
7f0c21cf8000-7f0c21d00000 rw-s 00000000 08:05 1185580                    /tmp/hsperfdata_marcin/9475
7f0c21d00000-7f0c21d01000 rw-p 00000000 00:00 0 
7f0c21d01000-7f0c21d02000 r--p 00000000 00:00 0 
7f0c21d02000-7f0c21d04000 rw-p 00000000 00:00 0 
7f0c21d04000-7f0c21d05000 r--p 00022000 08:05 11041                      /lib/x86_64-linux-gnu/ld-2.19.so
7f0c21d05000-7f0c21d06000 rw-p 00023000 08:05 11041                      /lib/x86_64-linux-gnu/ld-2.19.so
7f0c21d06000-7f0c21d07000 rw-p 00000000 00:00 0 
7ffd9cfc7000-7ffd9cfe8000 rw-p 00000000 00:00 0                          [stack]
7ffd9cffd000-7ffd9cfff000 r-xp 00000000 00:00 0                          [vdso]
ffffffffff600000-ffffffffff601000 r-xp 00000000 00:00 0                  [vsyscall]

VM Arguments:
jvm_args: -Dfile.encoding=UTF-8 
java_command: Pack1.Main
java_class_path (initial): /home/marcin/Pulpit/java_testing/Systemy_operacyjne_5/bin
Launcher Type: SUN_STANDARD

Environment Variables:
JAVA_HOME=/usr/lib/jvm/java-8-oracle
PATH=/usr/local/sbin:/usr/local/bin:/usr/sbin:/usr/bin:/sbin:/bin:/usr/games:/usr/local/games:/usr/lib/jvm/java-8-oracle/bin:/usr/lib/jvm/java-8-oracle/db/bin:/usr/lib/jvm/java-8-oracle/jre/bin
SHELL=/bin/bash
DISPLAY=:0

Signal Handlers:
SIGSEGV: [libjvm.so+0xad2a40], sa_mask[0]=11111111011111111101111111111110, sa_flags=SA_RESTART|SA_SIGINFO
SIGBUS: [libjvm.so+0xad2a40], sa_mask[0]=11111111011111111101111111111110, sa_flags=SA_RESTART|SA_SIGINFO
SIGFPE: [libjvm.so+0x92a610], sa_mask[0]=11111111011111111101111111111110, sa_flags=SA_RESTART|SA_SIGINFO
SIGPIPE: [libjvm.so+0x92a610], sa_mask[0]=11111111011111111101111111111110, sa_flags=SA_RESTART|SA_SIGINFO
SIGXFSZ: [libjvm.so+0x92a610], sa_mask[0]=11111111011111111101111111111110, sa_flags=SA_RESTART|SA_SIGINFO
SIGILL: [libjvm.so+0x92a610], sa_mask[0]=11111111011111111101111111111110, sa_flags=SA_RESTART|SA_SIGINFO
SIGUSR1: SIG_DFL, sa_mask[0]=00000000000000000000000000000000, sa_flags=none
SIGUSR2: [libjvm.so+0x92be70], sa_mask[0]=00100000000000000000000000000000, sa_flags=SA_RESTART|SA_SIGINFO
SIGHUP: [libjvm.so+0x92d270], sa_mask[0]=11111111011111111101111111111110, sa_flags=SA_RESTART|SA_SIGINFO
SIGINT: [libjvm.so+0x92d270], sa_mask[0]=11111111011111111101111111111110, sa_flags=SA_RESTART|SA_SIGINFO
SIGTERM: [libjvm.so+0x92d270], sa_mask[0]=11111111011111111101111111111110, sa_flags=SA_RESTART|SA_SIGINFO
SIGQUIT: [libjvm.so+0x92d270], sa_mask[0]=11111111011111111101111111111110, sa_flags=SA_RESTART|SA_SIGINFO


---------------  S Y S T E M  ---------------

OS:DISTRIB_ID=Ubuntu
DISTRIB_RELEASE=14.04
DISTRIB_CODENAME=trusty
DISTRIB_DESCRIPTION="Ubuntu 14.04.5 LTS"

uname:Linux 3.13.0-137-generic #186-Ubuntu SMP Mon Dec 4 19:09:19 UTC 2017 x86_64
libc:glibc 2.19 NPTL 2.19 
rlimit: STACK 8192k, CORE 0k, NPROC 62869, NOFILE 4096, AS infinity
load average:8,06 6,98 7,40

/proc/meminfo:
MemTotal:        8069596 kB
MemFree:          132536 kB
Buffers:             976 kB
Cached:           642028 kB
SwapCached:        57808 kB
Active:          6819448 kB
Inactive:         907696 kB
Active(anon):    6796664 kB
Inactive(anon):   880476 kB
Active(file):      22784 kB
Inactive(file):    27220 kB
Unevictable:           4 kB
Mlocked:               4 kB
SwapTotal:       2096124 kB
SwapFree:            452 kB
Dirty:               896 kB
Writeback:             0 kB
AnonPages:       7026948 kB
Mapped:           108708 kB
Shmem:            592656 kB
Slab:              66132 kB
SReclaimable:      29516 kB
SUnreclaim:        36616 kB
KernelStack:        6680 kB
PageTables:        53832 kB
NFS_Unstable:          0 kB
Bounce:                0 kB
WritebackTmp:          0 kB
CommitLimit:     6130920 kB
Committed_AS:   15092432 kB
VmallocTotal:   34359738367 kB
VmallocUsed:      556692 kB
VmallocChunk:   34359169624 kB
HardwareCorrupted:     0 kB
AnonHugePages:   3739648 kB
HugePages_Total:       0
HugePages_Free:        0
HugePages_Rsvd:        0
HugePages_Surp:        0
Hugepagesize:       2048 kB
DirectMap4k:       61184 kB
DirectMap2M:     1929216 kB
DirectMap1G:     6291456 kB


CPU:total 4 (initial active 4) (2 cores per cpu, 2 threads per core) family 6 model 69 stepping 1, cmov, cx8, fxsr, mmx, sse, sse2, sse3, ssse3, sse4.1, sse4.2, popcnt, avx, avx2, aes, clmul, erms, lzcnt, ht, tsc, tscinvbit, bmi1, bmi2

/proc/cpuinfo:
processor	: 0
vendor_id	: GenuineIntel
cpu family	: 6
model		: 69
model name	: Intel(R) Core(TM) i5-4210U CPU @ 1.70GHz
stepping	: 1
microcode	: 0x17
cpu MHz		: 2400.000
cache size	: 3072 KB
physical id	: 0
siblings	: 4
core id		: 0
cpu cores	: 2
apicid		: 0
initial apicid	: 0
fpu		: yes
fpu_exception	: yes
cpuid level	: 13
wp		: yes
flags		: fpu vme de pse tsc msr pae mce cx8 apic sep mtrr pge mca cmov pat pse36 clflush dts acpi mmx fxsr sse sse2 ss ht tm pbe syscall nx pdpe1gb rdtscp lm constant_tsc arch_perfmon pebs bts rep_good nopl xtopology nonstop_tsc aperfmperf eagerfpu pni pclmulqdq dtes64 monitor ds_cpl vmx est tm2 ssse3 fma cx16 xtpr pdcm pcid sse4_1 sse4_2 movbe popcnt tsc_deadline_timer aes xsave avx f16c rdrand lahf_lm abm ida arat epb xsaveopt pln pts dtherm tpr_shadow vnmi flexpriority ept vpid fsgsbase tsc_adjust bmi1 avx2 smep bmi2 erms invpcid
bogomips	: 4789.02
clflush size	: 64
cache_alignment	: 64
address sizes	: 39 bits physical, 48 bits virtual
power management:

processor	: 1
vendor_id	: GenuineIntel
cpu family	: 6
model		: 69
model name	: Intel(R) Core(TM) i5-4210U CPU @ 1.70GHz
stepping	: 1
microcode	: 0x17
cpu MHz		: 2400.000
cache size	: 3072 KB
physical id	: 0
siblings	: 4
core id		: 0
cpu cores	: 2
apicid		: 1
initial apicid	: 1
fpu		: yes
fpu_exception	: yes
cpuid level	: 13
wp		: yes
flags		: fpu vme de pse tsc msr pae mce cx8 apic sep mtrr pge mca cmov pat pse36 clflush dts acpi mmx fxsr sse sse2 ss ht tm pbe syscall nx pdpe1gb rdtscp lm constant_tsc arch_perfmon pebs bts rep_good nopl xtopology nonstop_tsc aperfmperf eagerfpu pni pclmulqdq dtes64 monitor ds_cpl vmx est tm2 ssse3 fma cx16 xtpr pdcm pcid sse4_1 sse4_2 movbe popcnt tsc_deadline_timer aes xsave avx f16c rdrand lahf_lm abm ida arat epb xsaveopt pln pts dtherm tpr_shadow vnmi flexpriority ept vpid fsgsbase tsc_adjust bmi1 avx2 smep bmi2 erms invpcid
bogomips	: 4789.02
clflush size	: 64
cache_alignment	: 64
address sizes	: 39 bits physical, 48 bits virtual
power management:

processor	: 2
vendor_id	: GenuineIntel
cpu family	: 6
model		: 69
model name	: Intel(R) Core(TM) i5-4210U CPU @ 1.70GHz
stepping	: 1
microcode	: 0x17
cpu MHz		: 2400.000
cache size	: 3072 KB
physical id	: 0
siblings	: 4
core id		: 1
cpu cores	: 2
apicid		: 2
initial apicid	: 2
fpu		: yes
fpu_exception	: yes
cpuid level	: 13
wp		: yes
flags		: fpu vme de pse tsc msr pae mce cx8 apic sep mtrr pge mca cmov pat pse36 clflush dts acpi mmx fxsr sse sse2 ss ht tm pbe syscall nx pdpe1gb rdtscp lm constant_tsc arch_perfmon pebs bts rep_good nopl xtopology nonstop_tsc aperfmperf eagerfpu pni pclmulqdq dtes64 monitor ds_cpl vmx est tm2 ssse3 fma cx16 xtpr pdcm pcid sse4_1 sse4_2 movbe popcnt tsc_deadline_timer aes xsave avx f16c rdrand lahf_lm abm ida arat epb xsaveopt pln pts dtherm tpr_shadow vnmi flexpriority ept vpid fsgsbase tsc_adjust bmi1 avx2 smep bmi2 erms invpcid
bogomips	: 4789.02
clflush size	: 64
cache_alignment	: 64
address sizes	: 39 bits physical, 48 bits virtual
power management:

processor	: 3
vendor_id	: GenuineIntel
cpu family	: 6
model		: 69
model name	: Intel(R) Core(TM) i5-4210U CPU @ 1.70GHz
stepping	: 1
microcode	: 0x17
cpu MHz		: 2400.000
cache size	: 3072 KB
physical id	: 0
siblings	: 4
core id		: 1
cpu cores	: 2
apicid		: 3
initial apicid	: 3
fpu		: yes
fpu_exception	: yes
cpuid level	: 13
wp		: yes
flags		: fpu vme de pse tsc msr pae mce cx8 apic sep mtrr pge mca cmov pat pse36 clflush dts acpi mmx fxsr sse sse2 ss ht tm pbe syscall nx pdpe1gb rdtscp lm constant_tsc arch_perfmon pebs bts rep_good nopl xtopology nonstop_tsc aperfmperf eagerfpu pni pclmulqdq dtes64 monitor ds_cpl vmx est tm2 ssse3 fma cx16 xtpr pdcm pcid sse4_1 sse4_2 movbe popcnt tsc_deadline_timer aes xsave avx f16c rdrand lahf_lm abm ida arat epb xsaveopt pln pts dtherm tpr_shadow vnmi flexpriority ept vpid fsgsbase tsc_adjust bmi1 avx2 smep bmi2 erms invpcid
bogomips	: 4789.02
clflush size	: 64
cache_alignment	: 64
address sizes	: 39 bits physical, 48 bits virtual
power management:



Memory: 4k page, physical 8069596k(132536k free), swap 2096124k(452k free)

vm_info: Java HotSpot(TM) 64-Bit Server VM (25.181-b13) for linux-amd64 JRE (1.8.0_181-b13), built on Jul  7 2018 00:56:38 by "java_re" with gcc 4.3.0 20080428 (Red Hat 4.3.0-8)

time: Mon May 13 18:07:25 2019
elapsed time: 43 seconds (0d 0h 0m 43s)

