#
# There is insufficient memory for the Java Runtime Environment to continue.
# Native memory allocation (mmap) failed to map 55574528 bytes for committing reserved memory.
# Possible reasons:
#   The system is out of physical RAM or swap space
#   In 32 bit mode, the process size limit was hit
# Possible solutions:
#   Reduce memory load on the system
#   Increase physical memory or swap space
#   Check if swap backing store is full
#   Use 64 bit Java on a 64 bit OS
#   Decrease Java heap size (-Xmx/-Xms)
#   Decrease number of Java threads
#   Decrease Java thread stack sizes (-Xss)
#   Set larger code cache with -XX:ReservedCodeCacheSize=
# This output file may be truncated or incomplete.
#
#  Out of Memory Error (os_linux.cpp:2640), pid=9979, tid=0x00007f2cf0a86700
#
# JRE version: Java(TM) SE Runtime Environment (8.0_181-b13) (build 1.8.0_181-b13)
# Java VM: Java HotSpot(TM) 64-Bit Server VM (25.181-b13 mixed mode linux-amd64 compressed oops)
# Failed to write core dump. Core dumps have been disabled. To enable core dumping, try "ulimit -c unlimited" before starting Java again
#

---------------  T H R E A D  ---------------

Current thread (0x00007f2ce800a800):  JavaThread "main" [_thread_in_vm, id=9981, stack(0x00007f2cf0986000,0x00007f2cf0a87000)]

Stack: [0x00007f2cf0986000,0x00007f2cf0a87000],  sp=0x00007f2cf0a85110,  free space=1020k
Native frames: (J=compiled Java code, j=interpreted, Vv=VM code, C=native code)
V  [libjvm.so+0xad21aa]  VMError::report_and_die()+0x2ba
V  [libjvm.so+0x5022db]  report_vm_out_of_memory(char const*, int, unsigned long, VMErrorType, char const*)+0x8b
V  [libjvm.so+0x92fe33]  os::Linux::commit_memory_impl(char*, unsigned long, bool)+0x123
V  [libjvm.so+0x930059]  os::pd_commit_memory(char*, unsigned long, unsigned long, bool)+0x29
V  [libjvm.so+0x9272ba]  os::commit_memory(char*, unsigned long, unsigned long, bool)+0x2a
V  [libjvm.so+0x99d2e3]  PSVirtualSpace::expand_by(unsigned long)+0x53
V  [libjvm.so+0x98dba0]  PSOldGen::expand(unsigned long)+0x170
V  [libjvm.so+0x98de5a]  PSOldGen::expand_and_allocate(unsigned long)+0x1a
V  [libjvm.so+0x98df7b]  PSOldGen::allocate(unsigned long)+0xcb
V  [libjvm.so+0x951a1e]  ParallelScavengeHeap::mem_allocate(unsigned long, bool*)+0xfe
V  [libjvm.so+0x65c57e]  CollectedHeap::common_mem_allocate_init(KlassHandle, unsigned long, Thread*)+0x17e
V  [libjvm.so+0x64c045]  InstanceKlass::allocate_objArray(int, int, Thread*)+0x175
V  [libjvm.so+0x691ee6]  InterpreterRuntime::anewarray(JavaThread*, ConstantPool*, int, int)+0x2e6
j  java.util.Arrays.copyOf([Ljava/lang/Object;ILjava/lang/Class;)[Ljava/lang/Object;+7
j  java.util.Arrays.copyOf([Ljava/lang/Object;I)[Ljava/lang/Object;+6
j  java.util.ArrayList.grow(I)V+38
J 96% C2 Pack1.Strategy.strategia1()I (638 bytes) @ 0x00007f2cd917a418 [0x00007f2cd9179fe0+0x438]
j  Pack1.Main.main([Ljava/lang/String;)V+20
v  ~StubRoutines::call_stub
V  [libjvm.so+0x697a76]  JavaCalls::call_helper(JavaValue*, methodHandle*, JavaCallArguments*, Thread*)+0x1056
V  [libjvm.so+0x6d91c2]  jni_invoke_static(JNIEnv_*, JavaValue*, _jobject*, JNICallType, _jmethodID*, JNI_ArgumentPusher*, Thread*)+0x362
V  [libjvm.so+0x6f5a2a]  jni_CallStaticVoidMethod+0x17a
C  [libjli.so+0x80ff]  JavaMain+0x81f
C  [libpthread.so.0+0x8184]  start_thread+0xc4

Java frames: (J=compiled Java code, j=interpreted, Vv=VM code)
j  java.util.Arrays.copyOf([Ljava/lang/Object;ILjava/lang/Class;)[Ljava/lang/Object;+7
j  java.util.Arrays.copyOf([Ljava/lang/Object;I)[Ljava/lang/Object;+6
j  java.util.ArrayList.grow(I)V+38
J 96% C2 Pack1.Strategy.strategia1()I (638 bytes) @ 0x00007f2cd917a418 [0x00007f2cd9179fe0+0x438]
j  Pack1.Main.main([Ljava/lang/String;)V+20
v  ~StubRoutines::call_stub

---------------  P R O C E S S  ---------------

Java Threads: ( => current thread )
  0x00007f2ce80c1000 JavaThread "Service Thread" daemon [_thread_blocked, id=9997, stack(0x00007f2cc6fe5000,0x00007f2cc70e6000)]
  0x00007f2ce80be000 JavaThread "C1 CompilerThread2" daemon [_thread_blocked, id=9996, stack(0x00007f2cc70e6000,0x00007f2cc71e7000)]
  0x00007f2ce80bc800 JavaThread "C2 CompilerThread1" daemon [_thread_blocked, id=9995, stack(0x00007f2cc71e7000,0x00007f2cc72e8000)]
  0x00007f2ce80b9800 JavaThread "C2 CompilerThread0" daemon [_thread_blocked, id=9994, stack(0x00007f2cc72e8000,0x00007f2cc73e9000)]
  0x00007f2ce80b8000 JavaThread "Signal Dispatcher" daemon [_thread_blocked, id=9993, stack(0x00007f2cc73e9000,0x00007f2cc74ea000)]
  0x00007f2ce8084800 JavaThread "Finalizer" daemon [_thread_blocked, id=9992, stack(0x00007f2cc7cfd000,0x00007f2cc7dfe000)]
  0x00007f2ce8082000 JavaThread "Reference Handler" daemon [_thread_blocked, id=9991, stack(0x00007f2cc7dfe000,0x00007f2cc7eff000)]
=>0x00007f2ce800a800 JavaThread "main" [_thread_in_vm, id=9981, stack(0x00007f2cf0986000,0x00007f2cf0a87000)]

Other Threads:
  0x00007f2ce8078800 VMThread [stack: 0x00007f2cc7eff000,0x00007f2cc8000000] [id=9990]
  0x00007f2ce80c6000 WatcherThread [stack: 0x00007f2cc6ee4000,0x00007f2cc6fe5000] [id=9998]

VM state:not at safepoint (normal execution)

VM Mutex/Monitor currently owned by a thread:  ([mutex/lock_event])
[0x00007f2ce8006420] ExpandHeap_lock - owner thread: 0x00007f2ce800a800
[0x00007f2ce8006fa0] Heap_lock - owner thread: 0x00007f2ce800a800

Heap:
 PSYoungGen      total 36864K, used 27708K [0x00000000d6f00000, 0x00000000db700000, 0x0000000100000000)
  eden space 31744K, 86% used [0x00000000d6f00000,0x00000000d89af288,0x00000000d8e00000)
  from space 5120K, 7% used [0x00000000d8e00000,0x00000000d8e60020,0x00000000d9300000)
  to   space 5120K, 0% used [0x00000000db200000,0x00000000db200000,0x00000000db700000)
 ParOldGen       total 84992K, used 67221K [0x0000000084c00000, 0x0000000089f00000, 0x00000000d6f00000)
  object space 84992K, 79% used [0x0000000084c00000,0x0000000088da5758,0x0000000089f00000)
 Metaspace       used 2608K, capacity 4564K, committed 4864K, reserved 1056768K
  class space    used 273K, capacity 388K, committed 512K, reserved 1048576K

Card table byte_map: [0x00007f2ced34e000,0x00007f2ced729000] byte_map_base: 0x00007f2cecf28000

Marking Bits: (ParMarkBitMap*) 0x00007f2cefe5d0a0
 Begin Bits: [0x00007f2cd0260000, 0x00007f2cd2130000)
 End Bits:   [0x00007f2cd2130000, 0x00007f2cd4000000)

Polling page: 0x00007f2cf0aaa000

CodeCache: size=245760Kb used=1497Kb max_used=1511Kb free=244262Kb
 bounds [0x00007f2cd9000000, 0x00007f2cd9270000, 0x00007f2ce8000000]
 total_blobs=330 nmethods=96 adapters=149
 compilation: enabled

Compilation events (10 events):
Event: 0,597 Thread 0x00007f2ce80bc800 nmethod 92 0x00007f2cd913e090 code [0x00007f2cd913e1e0, 0x00007f2cd913e2b8]
Event: 0,598 Thread 0x00007f2ce80bc800   93       4       java.nio.CharBuffer::arrayOffset (35 bytes)
Event: 0,598 Thread 0x00007f2ce80bc800 nmethod 93 0x00007f2cd913e390 code [0x00007f2cd913e4e0, 0x00007f2cd913e578]
Event: 0,636 Thread 0x00007f2ce80be000 nmethod 91% 0x00007f2cd913e610 code [0x00007f2cd913f420, 0x00007f2cd9149188]
Event: 0,636 Thread 0x00007f2ce80be000   94 %     3       Pack1.Strategy::strategia1 @ 579 (638 bytes)
Event: 0,673 Thread 0x00007f2ce80be000 nmethod 94% 0x00007f2cd9151c50 code [0x00007f2cd9152a60, 0x00007f2cd915c4c8]
Event: 0,688 Thread 0x00007f2ce80be000   95       3       Pack1.Strategy::strategia1 (638 bytes)
Event: 0,740 Thread 0x00007f2ce80be000 nmethod 95 0x00007f2cd9164dd0 code [0x00007f2cd9165bc0, 0x00007f2cd916f408]
Event: 0,740 Thread 0x00007f2ce80bc800   96 %     4       Pack1.Strategy::strategia1 @ 579 (638 bytes)
Event: 0,809 Thread 0x00007f2ce80bc800 nmethod 96% 0x00007f2cd9179dd0 code [0x00007f2cd9179fe0, 0x00007f2cd917aa58]

GC Heap History (2 events):
Event: 4,103 GC heap before
{Heap before GC invocations=1 (full 0):
 PSYoungGen      total 36864K, used 22715K [0x00000000d6f00000, 0x00000000d9800000, 0x0000000100000000)
  eden space 31744K, 71% used [0x00000000d6f00000,0x00000000d852ec30,0x00000000d8e00000)
  from space 5120K, 0% used [0x00000000d9300000,0x00000000d9300000,0x00000000d9800000)
  to   space 5120K, 0% used [0x00000000d8e00000,0x00000000d8e00000,0x00000000d9300000)
 ParOldGen       total 84992K, used 0K [0x0000000084c00000, 0x0000000089f00000, 0x00000000d6f00000)
  object space 84992K, 0% used [0x0000000084c00000,0x0000000084c00000,0x0000000089f00000)
 Metaspace       used 2607K, capacity 4564K, committed 4864K, reserved 1056768K
  class space    used 273K, capacity 388K, committed 512K, reserved 1048576K
Event: 4,145 GC heap after
Heap after GC invocations=1 (full 0):
 PSYoungGen      total 36864K, used 384K [0x00000000d6f00000, 0x00000000db700000, 0x0000000100000000)
  eden space 31744K, 0% used [0x00000000d6f00000,0x00000000d6f00000,0x00000000d8e00000)
  from space 5120K, 7% used [0x00000000d8e00000,0x00000000d8e60020,0x00000000d9300000)
  to   space 5120K, 0% used [0x00000000db200000,0x00000000db200000,0x00000000db700000)
 ParOldGen       total 84992K, used 7130K [0x0000000084c00000, 0x0000000089f00000, 0x00000000d6f00000)
  object space 84992K, 8% used [0x0000000084c00000,0x00000000852f6808,0x0000000089f00000)
 Metaspace       used 2607K, capacity 4564K, committed 4864K, reserved 1056768K
  class space    used 273K, capacity 388K, committed 512K, reserved 1048576K
}

Deoptimization events (2 events):
Event: 0,502 Thread 0x00007f2ce800a800 Uncommon trap: reason=unstable_if action=reinterpret pc=0x00007f2cd9120f38 method=Pack1.Procesor.obciazenie_proc()I @ 35
Event: 0,503 Thread 0x00007f2ce800a800 Uncommon trap: reason=unstable_if action=reinterpret pc=0x00007f2cd91237f8 method=Pack1.Procesor.nextCzas()V @ 72

Classes redefined (0 events):
No events

Internal exceptions (2 events):
Event: 0,165 Thread 0x00007f2ce800a800 Exception <a 'java/lang/NoSuchMethodError': Method sun.misc.Unsafe.defineClass(Ljava/lang/String;[BII)Ljava/lang/Class; name or signature does not match> (0x00000000d6f07cb0) thrown at [/HUDSON/workspace/8-2-build-linux-amd64/jdk8u181/11358/hotspot/src/sh
Event: 0,165 Thread 0x00007f2ce800a800 Exception <a 'java/lang/NoSuchMethodError': Method sun.misc.Unsafe.prefetchRead(Ljava/lang/Object;J)V name or signature does not match> (0x00000000d6f07f98) thrown at [/HUDSON/workspace/8-2-build-linux-amd64/jdk8u181/11358/hotspot/src/share/vm/prims/jni.c

Events (10 events):
Event: 0,503 Thread 0x00007f2ce800a800 DEOPT UNPACKING pc=0x00007f2cd904573a sp=0x00007f2cf0a857a0 mode 2
Event: 0,503 Thread 0x00007f2ce800a800 Uncommon trap: trap_request=0xffffff65 fr.pc=0x00007f2cd91237f8
Event: 0,503 Thread 0x00007f2ce800a800 DEOPT PACKING pc=0x00007f2cd91237f8 sp=0x00007f2cf0a857f0
Event: 0,504 Thread 0x00007f2ce800a800 DEOPT UNPACKING pc=0x00007f2cd904573a sp=0x00007f2cf0a857a8 mode 2
Event: 0,811 Thread 0x00007f2ce800a800 DEOPT PACKING pc=0x00007f2cd915bb4f sp=0x00007f2cf0a85600
Event: 0,811 Thread 0x00007f2ce800a800 DEOPT UNPACKING pc=0x00007f2cd9047784 sp=0x00007f2cf0a85588 mode 0
Event: 4,102 Executing VM operation: ParallelGCFailedAllocation
Event: 4,145 Executing VM operation: ParallelGCFailedAllocation done
Event: 4,388 Executing VM operation: EnableBiasedLocking
Event: 4,396 Executing VM operation: EnableBiasedLocking done


Dynamic libraries:
00400000-00401000 r-xp 00000000 08:05 25088                              /usr/lib/jvm/java-8-oracle/bin/java
00600000-00601000 rw-p 00000000 08:05 25088                              /usr/lib/jvm/java-8-oracle/bin/java
0168c000-016ad000 rw-p 00000000 00:00 0                                  [heap]
84c00000-89f00000 rw-p 00000000 00:00 0 
8d400000-d6f00000 ---p 00000000 00:00 0 
d6f00000-db700000 rw-p 00000000 00:00 0 
db700000-100000000 ---p 00000000 00:00 0 
100000000-100080000 rw-p 00000000 00:00 0 
100080000-140000000 ---p 00000000 00:00 0 
7f2c9c000000-7f2c9c021000 rw-p 00000000 00:00 0 
7f2c9c021000-7f2ca0000000 ---p 00000000 00:00 0 
7f2ca0000000-7f2ca0021000 rw-p 00000000 00:00 0 
7f2ca0021000-7f2ca4000000 ---p 00000000 00:00 0 
7f2ca4000000-7f2ca4091000 rw-p 00000000 00:00 0 
7f2ca4091000-7f2ca8000000 ---p 00000000 00:00 0 
7f2ca8000000-7f2ca8321000 rw-p 00000000 00:00 0 
7f2ca8321000-7f2cac000000 ---p 00000000 00:00 0 
7f2cac000000-7f2cac021000 rw-p 00000000 00:00 0 
7f2cac021000-7f2cb0000000 ---p 00000000 00:00 0 
7f2cb0000000-7f2cb0074000 rw-p 00000000 00:00 0 
7f2cb0074000-7f2cb4000000 ---p 00000000 00:00 0 
7f2cb4000000-7f2cb4021000 rw-p 00000000 00:00 0 
7f2cb4021000-7f2cb8000000 ---p 00000000 00:00 0 
7f2cb8000000-7f2cb8021000 rw-p 00000000 00:00 0 
7f2cb8021000-7f2cbc000000 ---p 00000000 00:00 0 
7f2cbc000000-7f2cbc021000 rw-p 00000000 00:00 0 
7f2cbc021000-7f2cc0000000 ---p 00000000 00:00 0 
7f2cc0000000-7f2cc0021000 rw-p 00000000 00:00 0 
7f2cc0021000-7f2cc4000000 ---p 00000000 00:00 0 
7f2cc6c59000-7f2cc6ee4000 rw-p 00000000 00:00 0 
7f2cc6ee4000-7f2cc6ee5000 ---p 00000000 00:00 0 
7f2cc6ee5000-7f2cc6fe5000 rw-p 00000000 00:00 0                          [stack:9998]
7f2cc6fe5000-7f2cc6fe8000 ---p 00000000 00:00 0 
7f2cc6fe8000-7f2cc70e6000 rw-p 00000000 00:00 0                          [stack:9997]
7f2cc70e6000-7f2cc70e9000 ---p 00000000 00:00 0 
7f2cc70e9000-7f2cc71e7000 rw-p 00000000 00:00 0                          [stack:9996]
7f2cc71e7000-7f2cc71ea000 ---p 00000000 00:00 0 
7f2cc71ea000-7f2cc72e8000 rw-p 00000000 00:00 0                          [stack:9995]
7f2cc72e8000-7f2cc72eb000 ---p 00000000 00:00 0 
7f2cc72eb000-7f2cc73e9000 rw-p 00000000 00:00 0                          [stack:9994]
7f2cc73e9000-7f2cc73ec000 ---p 00000000 00:00 0 
7f2cc73ec000-7f2cc74ea000 rw-p 00000000 00:00 0                          [stack:9993]
7f2cc74ea000-7f2cc7cfd000 r--p 00000000 08:05 65577                      /usr/lib/locale/locale-archive
7f2cc7cfd000-7f2cc7d00000 ---p 00000000 00:00 0 
7f2cc7d00000-7f2cc7dfe000 rw-p 00000000 00:00 0                          [stack:9992]
7f2cc7dfe000-7f2cc7e01000 ---p 00000000 00:00 0 
7f2cc7e01000-7f2cc7eff000 rw-p 00000000 00:00 0                          [stack:9991]
7f2cc7eff000-7f2cc7f00000 ---p 00000000 00:00 0 
7f2cc7f00000-7f2cc8000000 rw-p 00000000 00:00 0                          [stack:9990]
7f2cc8000000-7f2cc8021000 rw-p 00000000 00:00 0 
7f2cc8021000-7f2ccc000000 ---p 00000000 00:00 0 
7f2ccc000000-7f2ccc021000 rw-p 00000000 00:00 0 
7f2ccc021000-7f2cd0000000 ---p 00000000 00:00 0 
7f2cd005e000-7f2cd4000000 rw-p 00000000 00:00 0 
7f2cd4000000-7f2cd4021000 rw-p 00000000 00:00 0 
7f2cd4021000-7f2cd8000000 ---p 00000000 00:00 0 
7f2cd8070000-7f2cd8095000 r--p 00000000 08:05 410443                     /usr/share/locale-langpack/pl/LC_MESSAGES/libc.mo
7f2cd8095000-7f2cd8e26000 rw-p 00000000 00:00 0 
7f2cd8e26000-7f2cd9000000 r--s 03d6b000 08:05 185715                     /usr/lib/jvm/java-8-oracle/jre/lib/rt.jar
7f2cd9000000-7f2cd9270000 rwxp 00000000 00:00 0 
7f2cd9270000-7f2ce8000000 ---p 00000000 00:00 0 
7f2ce8000000-7f2ce80f9000 rw-p 00000000 00:00 0 
7f2ce80f9000-7f2cec000000 ---p 00000000 00:00 0 
7f2cec019000-7f2cec51e000 rw-p 00000000 00:00 0 
7f2cec51e000-7f2cec8de000 ---p 00000000 00:00 0 
7f2cec8de000-7f2ceccb8000 rw-p 00000000 00:00 0 
7f2ceccb8000-7f2ceccb9000 ---p 00000000 00:00 0 
7f2ceccb9000-7f2cecdb9000 rw-p 00000000 00:00 0                          [stack:9989]
7f2cecdb9000-7f2cecdba000 ---p 00000000 00:00 0 
7f2cecdba000-7f2ceceba000 rw-p 00000000 00:00 0                          [stack:9988]
7f2ceceba000-7f2cecebb000 ---p 00000000 00:00 0 
7f2cecebb000-7f2cecfbb000 rw-p 00000000 00:00 0                          [stack:9987]
7f2cecfbb000-7f2cecfbc000 ---p 00000000 00:00 0 
7f2cecfbc000-7f2ced0e6000 rw-p 00000000 00:00 0                          [stack:9985]
7f2ced0e6000-7f2ced34e000 ---p 00000000 00:00 0 
7f2ced34e000-7f2ced378000 rw-p 00000000 00:00 0 
7f2ced378000-7f2ced5df000 ---p 00000000 00:00 0 
7f2ced5df000-7f2ced604000 rw-p 00000000 00:00 0 
7f2ced604000-7f2ced728000 ---p 00000000 00:00 0 
7f2ced728000-7f2ced733000 rw-p 00000000 00:00 0 
7f2ced733000-7f2cedae9000 ---p 00000000 00:00 0 
7f2cedae9000-7f2cedb04000 r-xp 00000000 08:05 309178                     /usr/lib/jvm/java-8-oracle/jre/lib/amd64/libzip.so
7f2cedb04000-7f2cedd04000 ---p 0001b000 08:05 309178                     /usr/lib/jvm/java-8-oracle/jre/lib/amd64/libzip.so
7f2cedd04000-7f2cedd05000 rw-p 0001b000 08:05 309178                     /usr/lib/jvm/java-8-oracle/jre/lib/amd64/libzip.so
7f2cedd05000-7f2cedd0f000 r-xp 00000000 08:05 10751                      /lib/x86_64-linux-gnu/libnss_files-2.19.so
7f2cedd0f000-7f2cedf0e000 ---p 0000a000 08:05 10751                      /lib/x86_64-linux-gnu/libnss_files-2.19.so
7f2cedf0e000-7f2cedf0f000 r--p 00009000 08:05 10751                      /lib/x86_64-linux-gnu/libnss_files-2.19.so
7f2cedf0f000-7f2cedf10000 rw-p 0000a000 08:05 10751                      /lib/x86_64-linux-gnu/libnss_files-2.19.so
7f2cedf10000-7f2cedf1b000 r-xp 00000000 08:05 11112                      /lib/x86_64-linux-gnu/libnss_nis-2.19.so
7f2cedf1b000-7f2cee11a000 ---p 0000b000 08:05 11112                      /lib/x86_64-linux-gnu/libnss_nis-2.19.so
7f2cee11a000-7f2cee11b000 r--p 0000a000 08:05 11112                      /lib/x86_64-linux-gnu/libnss_nis-2.19.so
7f2cee11b000-7f2cee11c000 rw-p 0000b000 08:05 11112                      /lib/x86_64-linux-gnu/libnss_nis-2.19.so
7f2cee11c000-7f2cee133000 r-xp 00000000 08:05 10735                      /lib/x86_64-linux-gnu/libnsl-2.19.so
7f2cee133000-7f2cee332000 ---p 00017000 08:05 10735                      /lib/x86_64-linux-gnu/libnsl-2.19.so
7f2cee332000-7f2cee333000 r--p 00016000 08:05 10735                      /lib/x86_64-linux-gnu/libnsl-2.19.so
7f2cee333000-7f2cee334000 rw-p 00017000 08:05 10735                      /lib/x86_64-linux-gnu/libnsl-2.19.so
7f2cee334000-7f2cee336000 rw-p 00000000 00:00 0 
7f2cee336000-7f2cee33f000 r-xp 00000000 08:05 11044                      /lib/x86_64-linux-gnu/libnss_compat-2.19.so
7f2cee33f000-7f2cee53e000 ---p 00009000 08:05 11044                      /lib/x86_64-linux-gnu/libnss_compat-2.19.so
7f2cee53e000-7f2cee53f000 r--p 00008000 08:05 11044                      /lib/x86_64-linux-gnu/libnss_compat-2.19.so
7f2cee53f000-7f2cee540000 rw-p 00009000 08:05 11044                      /lib/x86_64-linux-gnu/libnss_compat-2.19.so
7f2cee540000-7f2cee56b000 r-xp 00000000 08:05 309203                     /usr/lib/jvm/java-8-oracle/jre/lib/amd64/libjava.so
7f2cee56b000-7f2cee76a000 ---p 0002b000 08:05 309203                     /usr/lib/jvm/java-8-oracle/jre/lib/amd64/libjava.so
7f2cee76a000-7f2cee76c000 rw-p 0002a000 08:05 309203                     /usr/lib/jvm/java-8-oracle/jre/lib/amd64/libjava.so
7f2cee76c000-7f2cee779000 r-xp 00000000 08:05 309217                     /usr/lib/jvm/java-8-oracle/jre/lib/amd64/libverify.so
7f2cee779000-7f2cee979000 ---p 0000d000 08:05 309217                     /usr/lib/jvm/java-8-oracle/jre/lib/amd64/libverify.so
7f2cee979000-7f2cee97b000 rw-p 0000d000 08:05 309217                     /usr/lib/jvm/java-8-oracle/jre/lib/amd64/libverify.so
7f2cee97b000-7f2cee982000 r-xp 00000000 08:05 11009                      /lib/x86_64-linux-gnu/librt-2.19.so
7f2cee982000-7f2ceeb81000 ---p 00007000 08:05 11009                      /lib/x86_64-linux-gnu/librt-2.19.so
7f2ceeb81000-7f2ceeb82000 r--p 00006000 08:05 11009                      /lib/x86_64-linux-gnu/librt-2.19.so
7f2ceeb82000-7f2ceeb83000 rw-p 00007000 08:05 11009                      /lib/x86_64-linux-gnu/librt-2.19.so
7f2ceeb83000-7f2ceec88000 r-xp 00000000 08:05 10856                      /lib/x86_64-linux-gnu/libm-2.19.so
7f2ceec88000-7f2ceee87000 ---p 00105000 08:05 10856                      /lib/x86_64-linux-gnu/libm-2.19.so
7f2ceee87000-7f2ceee88000 r--p 00104000 08:05 10856                      /lib/x86_64-linux-gnu/libm-2.19.so
7f2ceee88000-7f2ceee89000 rw-p 00105000 08:05 10856                      /lib/x86_64-linux-gnu/libm-2.19.so
7f2ceee89000-7f2cefb65000 r-xp 00000000 08:05 309232                     /usr/lib/jvm/java-8-oracle/jre/lib/amd64/server/libjvm.so
7f2cefb65000-7f2cefd65000 ---p 00cdc000 08:05 309232                     /usr/lib/jvm/java-8-oracle/jre/lib/amd64/server/libjvm.so
7f2cefd65000-7f2cefe3f000 rw-p 00cdc000 08:05 309232                     /usr/lib/jvm/java-8-oracle/jre/lib/amd64/server/libjvm.so
7f2cefe3f000-7f2cefe8a000 rw-p 00000000 00:00 0 
7f2cefe8a000-7f2cf0048000 r-xp 00000000 08:05 10889                      /lib/x86_64-linux-gnu/libc-2.19.so
7f2cf0048000-7f2cf0248000 ---p 001be000 08:05 10889                      /lib/x86_64-linux-gnu/libc-2.19.so
7f2cf0248000-7f2cf024c000 r--p 001be000 08:05 10889                      /lib/x86_64-linux-gnu/libc-2.19.so
7f2cf024c000-7f2cf024e000 rw-p 001c2000 08:05 10889                      /lib/x86_64-linux-gnu/libc-2.19.so
7f2cf024e000-7f2cf0253000 rw-p 00000000 00:00 0 
7f2cf0253000-7f2cf0256000 r-xp 00000000 08:05 11008                      /lib/x86_64-linux-gnu/libdl-2.19.so
7f2cf0256000-7f2cf0455000 ---p 00003000 08:05 11008                      /lib/x86_64-linux-gnu/libdl-2.19.so
7f2cf0455000-7f2cf0456000 r--p 00002000 08:05 11008                      /lib/x86_64-linux-gnu/libdl-2.19.so
7f2cf0456000-7f2cf0457000 rw-p 00003000 08:05 11008                      /lib/x86_64-linux-gnu/libdl-2.19.so
7f2cf0457000-7f2cf046d000 r-xp 00000000 08:05 26050                      /usr/lib/jvm/java-8-oracle/lib/amd64/jli/libjli.so
7f2cf046d000-7f2cf066c000 ---p 00016000 08:05 26050                      /usr/lib/jvm/java-8-oracle/lib/amd64/jli/libjli.so
7f2cf066c000-7f2cf066d000 rw-p 00015000 08:05 26050                      /usr/lib/jvm/java-8-oracle/lib/amd64/jli/libjli.so
7f2cf066d000-7f2cf0686000 r-xp 00000000 08:05 10891                      /lib/x86_64-linux-gnu/libpthread-2.19.so
7f2cf0686000-7f2cf0885000 ---p 00019000 08:05 10891                      /lib/x86_64-linux-gnu/libpthread-2.19.so
7f2cf0885000-7f2cf0886000 r--p 00018000 08:05 10891                      /lib/x86_64-linux-gnu/libpthread-2.19.so
7f2cf0886000-7f2cf0887000 rw-p 00019000 08:05 10891                      /lib/x86_64-linux-gnu/libpthread-2.19.so
7f2cf0887000-7f2cf088b000 rw-p 00000000 00:00 0 
7f2cf088b000-7f2cf08ae000 r-xp 00000000 08:05 11041                      /lib/x86_64-linux-gnu/ld-2.19.so
7f2cf08bb000-7f2cf0986000 rw-p 00000000 00:00 0 
7f2cf0986000-7f2cf0989000 ---p 00000000 00:00 0 
7f2cf0989000-7f2cf0a8b000 rw-p 00000000 00:00 0                          [stack:9981]
7f2cf0a97000-7f2cf0a9a000 rw-p 00000000 00:00 0 
7f2cf0a9a000-7f2cf0aa1000 r--s 00000000 08:05 268264                     /usr/lib/x86_64-linux-gnu/gconv/gconv-modules.cache
7f2cf0aa1000-7f2cf0aa9000 rw-s 00000000 08:05 1189142                    /tmp/hsperfdata_marcin/9979
7f2cf0aa9000-7f2cf0aaa000 rw-p 00000000 00:00 0 
7f2cf0aaa000-7f2cf0aab000 r--p 00000000 00:00 0 
7f2cf0aab000-7f2cf0aad000 rw-p 00000000 00:00 0 
7f2cf0aad000-7f2cf0aae000 r--p 00022000 08:05 11041                      /lib/x86_64-linux-gnu/ld-2.19.so
7f2cf0aae000-7f2cf0aaf000 rw-p 00023000 08:05 11041                      /lib/x86_64-linux-gnu/ld-2.19.so
7f2cf0aaf000-7f2cf0ab0000 rw-p 00000000 00:00 0 
7ffff9742000-7ffff9763000 rw-p 00000000 00:00 0                          [stack]
7ffff97f3000-7ffff97f5000 r-xp 00000000 00:00 0                          [vdso]
ffffffffff600000-ffffffffff601000 r-xp 00000000 00:00 0                  [vsyscall]

VM Arguments:
jvm_args: -Dfile.encoding=UTF-8 
java_command: Pack1.Main
java_class_path (initial): /home/marcin/Pulpit/java_testing/Systemy_operacyjne_5/bin
Launcher Type: SUN_STANDARD

Environment Variables:
JAVA_HOME=/usr/lib/jvm/java-8-oracle
PATH=/usr/local/sbin:/usr/local/bin:/usr/sbin:/usr/bin:/sbin:/bin:/usr/games:/usr/local/games:/usr/lib/jvm/java-8-oracle/bin:/usr/lib/jvm/java-8-oracle/db/bin:/usr/lib/jvm/java-8-oracle/jre/bin
SHELL=/bin/bash
DISPLAY=:0

Signal Handlers:
SIGSEGV: [libjvm.so+0xad2a40], sa_mask[0]=11111111011111111101111111111110, sa_flags=SA_RESTART|SA_SIGINFO
SIGBUS: [libjvm.so+0xad2a40], sa_mask[0]=11111111011111111101111111111110, sa_flags=SA_RESTART|SA_SIGINFO
SIGFPE: [libjvm.so+0x92a610], sa_mask[0]=11111111011111111101111111111110, sa_flags=SA_RESTART|SA_SIGINFO
SIGPIPE: [libjvm.so+0x92a610], sa_mask[0]=11111111011111111101111111111110, sa_flags=SA_RESTART|SA_SIGINFO
SIGXFSZ: [libjvm.so+0x92a610], sa_mask[0]=11111111011111111101111111111110, sa_flags=SA_RESTART|SA_SIGINFO
SIGILL: [libjvm.so+0x92a610], sa_mask[0]=11111111011111111101111111111110, sa_flags=SA_RESTART|SA_SIGINFO
SIGUSR1: SIG_DFL, sa_mask[0]=00000000000000000000000000000000, sa_flags=none
SIGUSR2: [libjvm.so+0x92be70], sa_mask[0]=00100000000000000000000000000000, sa_flags=SA_RESTART|SA_SIGINFO
SIGHUP: [libjvm.so+0x92d270], sa_mask[0]=11111111011111111101111111111110, sa_flags=SA_RESTART|SA_SIGINFO
SIGINT: [libjvm.so+0x92d270], sa_mask[0]=11111111011111111101111111111110, sa_flags=SA_RESTART|SA_SIGINFO
SIGTERM: [libjvm.so+0x92d270], sa_mask[0]=11111111011111111101111111111110, sa_flags=SA_RESTART|SA_SIGINFO
SIGQUIT: [libjvm.so+0x92d270], sa_mask[0]=11111111011111111101111111111110, sa_flags=SA_RESTART|SA_SIGINFO


---------------  S Y S T E M  ---------------

OS:DISTRIB_ID=Ubuntu
DISTRIB_RELEASE=14.04
DISTRIB_CODENAME=trusty
DISTRIB_DESCRIPTION="Ubuntu 14.04.5 LTS"

uname:Linux 3.13.0-137-generic #186-Ubuntu SMP Mon Dec 4 19:09:19 UTC 2017 x86_64
libc:glibc 2.19 NPTL 2.19 
rlimit: STACK 8192k, CORE 0k, NPROC 62869, NOFILE 4096, AS infinity
load average:9,77 7,62 7,52

/proc/meminfo:
MemTotal:        8069596 kB
MemFree:          105768 kB
Buffers:             272 kB
Cached:           575692 kB
SwapCached:         2312 kB
Active:          6579200 kB
Inactive:        1173020 kB
Active(anon):    6578464 kB
Inactive(anon):  1162336 kB
Active(file):        736 kB
Inactive(file):    10684 kB
Unevictable:           4 kB
Mlocked:               4 kB
SwapTotal:       2096124 kB
SwapFree:              0 kB
Dirty:                 8 kB
Writeback:             0 kB
AnonPages:       7174804 kB
Mapped:            83424 kB
Shmem:            563856 kB
Slab:              65980 kB
SReclaimable:      29420 kB
SUnreclaim:        36560 kB
KernelStack:        7144 kB
PageTables:        54792 kB
NFS_Unstable:          0 kB
Bounce:                0 kB
WritebackTmp:          0 kB
CommitLimit:     6130920 kB
Committed_AS:   15552884 kB
VmallocTotal:   34359738367 kB
VmallocUsed:      556692 kB
VmallocChunk:   34359169624 kB
HardwareCorrupted:     0 kB
AnonHugePages:   4241408 kB
HugePages_Total:       0
HugePages_Free:        0
HugePages_Rsvd:        0
HugePages_Surp:        0
Hugepagesize:       2048 kB
DirectMap4k:       61184 kB
DirectMap2M:     1929216 kB
DirectMap1G:     6291456 kB


CPU:total 4 (initial active 4) (2 cores per cpu, 2 threads per core) family 6 model 69 stepping 1, cmov, cx8, fxsr, mmx, sse, sse2, sse3, ssse3, sse4.1, sse4.2, popcnt, avx, avx2, aes, clmul, erms, lzcnt, ht, tsc, tscinvbit, bmi1, bmi2

/proc/cpuinfo:
processor	: 0
vendor_id	: GenuineIntel
cpu family	: 6
model		: 69
model name	: Intel(R) Core(TM) i5-4210U CPU @ 1.70GHz
stepping	: 1
microcode	: 0x17
cpu MHz		: 2400.000
cache size	: 3072 KB
physical id	: 0
siblings	: 4
core id		: 0
cpu cores	: 2
apicid		: 0
initial apicid	: 0
fpu		: yes
fpu_exception	: yes
cpuid level	: 13
wp		: yes
flags		: fpu vme de pse tsc msr pae mce cx8 apic sep mtrr pge mca cmov pat pse36 clflush dts acpi mmx fxsr sse sse2 ss ht tm pbe syscall nx pdpe1gb rdtscp lm constant_tsc arch_perfmon pebs bts rep_good nopl xtopology nonstop_tsc aperfmperf eagerfpu pni pclmulqdq dtes64 monitor ds_cpl vmx est tm2 ssse3 fma cx16 xtpr pdcm pcid sse4_1 sse4_2 movbe popcnt tsc_deadline_timer aes xsave avx f16c rdrand lahf_lm abm ida arat epb xsaveopt pln pts dtherm tpr_shadow vnmi flexpriority ept vpid fsgsbase tsc_adjust bmi1 avx2 smep bmi2 erms invpcid
bogomips	: 4789.02
clflush size	: 64
cache_alignment	: 64
address sizes	: 39 bits physical, 48 bits virtual
power management:

processor	: 1
vendor_id	: GenuineIntel
cpu family	: 6
model		: 69
model name	: Intel(R) Core(TM) i5-4210U CPU @ 1.70GHz
stepping	: 1
microcode	: 0x17
cpu MHz		: 2400.000
cache size	: 3072 KB
physical id	: 0
siblings	: 4
core id		: 0
cpu cores	: 2
apicid		: 1
initial apicid	: 1
fpu		: yes
fpu_exception	: yes
cpuid level	: 13
wp		: yes
flags		: fpu vme de pse tsc msr pae mce cx8 apic sep mtrr pge mca cmov pat pse36 clflush dts acpi mmx fxsr sse sse2 ss ht tm pbe syscall nx pdpe1gb rdtscp lm constant_tsc arch_perfmon pebs bts rep_good nopl xtopology nonstop_tsc aperfmperf eagerfpu pni pclmulqdq dtes64 monitor ds_cpl vmx est tm2 ssse3 fma cx16 xtpr pdcm pcid sse4_1 sse4_2 movbe popcnt tsc_deadline_timer aes xsave avx f16c rdrand lahf_lm abm ida arat epb xsaveopt pln pts dtherm tpr_shadow vnmi flexpriority ept vpid fsgsbase tsc_adjust bmi1 avx2 smep bmi2 erms invpcid
bogomips	: 4789.02
clflush size	: 64
cache_alignment	: 64
address sizes	: 39 bits physical, 48 bits virtual
power management:

processor	: 2
vendor_id	: GenuineIntel
cpu family	: 6
model		: 69
model name	: Intel(R) Core(TM) i5-4210U CPU @ 1.70GHz
stepping	: 1
microcode	: 0x17
cpu MHz		: 2400.000
cache size	: 3072 KB
physical id	: 0
siblings	: 4
core id		: 1
cpu cores	: 2
apicid		: 2
initial apicid	: 2
fpu		: yes
fpu_exception	: yes
cpuid level	: 13
wp		: yes
flags		: fpu vme de pse tsc msr pae mce cx8 apic sep mtrr pge mca cmov pat pse36 clflush dts acpi mmx fxsr sse sse2 ss ht tm pbe syscall nx pdpe1gb rdtscp lm constant_tsc arch_perfmon pebs bts rep_good nopl xtopology nonstop_tsc aperfmperf eagerfpu pni pclmulqdq dtes64 monitor ds_cpl vmx est tm2 ssse3 fma cx16 xtpr pdcm pcid sse4_1 sse4_2 movbe popcnt tsc_deadline_timer aes xsave avx f16c rdrand lahf_lm abm ida arat epb xsaveopt pln pts dtherm tpr_shadow vnmi flexpriority ept vpid fsgsbase tsc_adjust bmi1 avx2 smep bmi2 erms invpcid
bogomips	: 4789.02
clflush size	: 64
cache_alignment	: 64
address sizes	: 39 bits physical, 48 bits virtual
power management:

processor	: 3
vendor_id	: GenuineIntel
cpu family	: 6
model		: 69
model name	: Intel(R) Core(TM) i5-4210U CPU @ 1.70GHz
stepping	: 1
microcode	: 0x17
cpu MHz		: 2400.000
cache size	: 3072 KB
physical id	: 0
siblings	: 4
core id		: 1
cpu cores	: 2
apicid		: 3
initial apicid	: 3
fpu		: yes
fpu_exception	: yes
cpuid level	: 13
wp		: yes
flags		: fpu vme de pse tsc msr pae mce cx8 apic sep mtrr pge mca cmov pat pse36 clflush dts acpi mmx fxsr sse sse2 ss ht tm pbe syscall nx pdpe1gb rdtscp lm constant_tsc arch_perfmon pebs bts rep_good nopl xtopology nonstop_tsc aperfmperf eagerfpu pni pclmulqdq dtes64 monitor ds_cpl vmx est tm2 ssse3 fma cx16 xtpr pdcm pcid sse4_1 sse4_2 movbe popcnt tsc_deadline_timer aes xsave avx f16c rdrand lahf_lm abm ida arat epb xsaveopt pln pts dtherm tpr_shadow vnmi flexpriority ept vpid fsgsbase tsc_adjust bmi1 avx2 smep bmi2 erms invpcid
bogomips	: 4789.02
clflush size	: 64
cache_alignment	: 64
address sizes	: 39 bits physical, 48 bits virtual
power management:



Memory: 4k page, physical 8069596k(105768k free), swap 2096124k(4k free)

vm_info: Java HotSpot(TM) 64-Bit Server VM (25.181-b13) for linux-amd64 JRE (1.8.0_181-b13), built on Jul  7 2018 00:56:38 by "java_re" with gcc 4.3.0 20080428 (Red Hat 4.3.0-8)

time: Mon May 13 18:11:19 2019
elapsed time: 16 seconds (0d 0h 0m 16s)

