#
# There is insufficient memory for the Java Runtime Environment to continue.
# Native memory allocation (mmap) failed to map 421003264 bytes for committing reserved memory.
# Possible reasons:
#   The system is out of physical RAM or swap space
#   In 32 bit mode, the process size limit was hit
# Possible solutions:
#   Reduce memory load on the system
#   Increase physical memory or swap space
#   Check if swap backing store is full
#   Use 64 bit Java on a 64 bit OS
#   Decrease Java heap size (-Xmx/-Xms)
#   Decrease number of Java threads
#   Decrease Java thread stack sizes (-Xss)
#   Set larger code cache with -XX:ReservedCodeCacheSize=
# This output file may be truncated or incomplete.
#
#  Out of Memory Error (os_linux.cpp:2640), pid=9877, tid=0x00007fd870b8d700
#
# JRE version: Java(TM) SE Runtime Environment (8.0_181-b13) (build 1.8.0_181-b13)
# Java VM: Java HotSpot(TM) 64-Bit Server VM (25.181-b13 mixed mode linux-amd64 compressed oops)
# Failed to write core dump. Core dumps have been disabled. To enable core dumping, try "ulimit -c unlimited" before starting Java again
#

---------------  T H R E A D  ---------------

Current thread (0x00007fd86800a800):  JavaThread "main" [_thread_in_vm, id=9881, stack(0x00007fd870a8d000,0x00007fd870b8e000)]

Stack: [0x00007fd870a8d000,0x00007fd870b8e000],  sp=0x00007fd870b8c110,  free space=1020k
Native frames: (J=compiled Java code, j=interpreted, Vv=VM code, C=native code)
V  [libjvm.so+0xad21aa]  VMError::report_and_die()+0x2ba
V  [libjvm.so+0x5022db]  report_vm_out_of_memory(char const*, int, unsigned long, VMErrorType, char const*)+0x8b
V  [libjvm.so+0x92fe33]  os::Linux::commit_memory_impl(char*, unsigned long, bool)+0x123
V  [libjvm.so+0x930059]  os::pd_commit_memory(char*, unsigned long, unsigned long, bool)+0x29
V  [libjvm.so+0x9272ba]  os::commit_memory(char*, unsigned long, unsigned long, bool)+0x2a
V  [libjvm.so+0x99d2e3]  PSVirtualSpace::expand_by(unsigned long)+0x53
V  [libjvm.so+0x98dba0]  PSOldGen::expand(unsigned long)+0x170
V  [libjvm.so+0x98de5a]  PSOldGen::expand_and_allocate(unsigned long)+0x1a
V  [libjvm.so+0x98df7b]  PSOldGen::allocate(unsigned long)+0xcb
V  [libjvm.so+0x951a1e]  ParallelScavengeHeap::mem_allocate(unsigned long, bool*)+0xfe
V  [libjvm.so+0x65c57e]  CollectedHeap::common_mem_allocate_init(KlassHandle, unsigned long, Thread*)+0x17e
V  [libjvm.so+0x64c045]  InstanceKlass::allocate_objArray(int, int, Thread*)+0x175
V  [libjvm.so+0x691ee6]  InterpreterRuntime::anewarray(JavaThread*, ConstantPool*, int, int)+0x2e6
j  java.util.Arrays.copyOf([Ljava/lang/Object;ILjava/lang/Class;)[Ljava/lang/Object;+7
j  java.util.Arrays.copyOf([Ljava/lang/Object;I)[Ljava/lang/Object;+6
j  java.util.ArrayList.grow(I)V+38
J 91% C2 Pack1.Strategy.strategia1()I (638 bytes) @ 0x00007fd8591760d4 [0x00007fd859175ca0+0x434]
j  Pack1.Main.main([Ljava/lang/String;)V+20
v  ~StubRoutines::call_stub
V  [libjvm.so+0x697a76]  JavaCalls::call_helper(JavaValue*, methodHandle*, JavaCallArguments*, Thread*)+0x1056
V  [libjvm.so+0x6d91c2]  jni_invoke_static(JNIEnv_*, JavaValue*, _jobject*, JNICallType, _jmethodID*, JNI_ArgumentPusher*, Thread*)+0x362
V  [libjvm.so+0x6f5a2a]  jni_CallStaticVoidMethod+0x17a
C  [libjli.so+0x80ff]  JavaMain+0x81f
C  [libpthread.so.0+0x8184]  start_thread+0xc4

Java frames: (J=compiled Java code, j=interpreted, Vv=VM code)
j  java.util.Arrays.copyOf([Ljava/lang/Object;ILjava/lang/Class;)[Ljava/lang/Object;+7
j  java.util.Arrays.copyOf([Ljava/lang/Object;I)[Ljava/lang/Object;+6
j  java.util.ArrayList.grow(I)V+38
J 91% C2 Pack1.Strategy.strategia1()I (638 bytes) @ 0x00007fd8591760d4 [0x00007fd859175ca0+0x434]
j  Pack1.Main.main([Ljava/lang/String;)V+20
v  ~StubRoutines::call_stub

---------------  P R O C E S S  ---------------

Java Threads: ( => current thread )
  0x00007fd8680c1000 JavaThread "Service Thread" daemon [_thread_blocked, id=9894, stack(0x00007fd8430e6000,0x00007fd8431e7000)]
  0x00007fd8680be000 JavaThread "C1 CompilerThread2" daemon [_thread_blocked, id=9893, stack(0x00007fd8431e7000,0x00007fd8432e8000)]
  0x00007fd8680bc800 JavaThread "C2 CompilerThread1" daemon [_thread_blocked, id=9892, stack(0x00007fd8432e8000,0x00007fd8433e9000)]
  0x00007fd8680b9800 JavaThread "C2 CompilerThread0" daemon [_thread_blocked, id=9891, stack(0x00007fd8433e9000,0x00007fd8434ea000)]
  0x00007fd8680b8000 JavaThread "Signal Dispatcher" daemon [_thread_blocked, id=9890, stack(0x00007fd8434ea000,0x00007fd8435eb000)]
  0x00007fd868084800 JavaThread "Finalizer" daemon [_thread_blocked, id=9889, stack(0x00007fd843dfe000,0x00007fd843eff000)]
  0x00007fd868082000 JavaThread "Reference Handler" daemon [_thread_blocked, id=9888, stack(0x00007fd843eff000,0x00007fd844000000)]
=>0x00007fd86800a800 JavaThread "main" [_thread_in_vm, id=9881, stack(0x00007fd870a8d000,0x00007fd870b8e000)]

Other Threads:
  0x00007fd868078800 VMThread [stack: 0x00007fd85005e000,0x00007fd85015f000] [id=9887]
  0x00007fd8680c6000 WatcherThread [stack: 0x00007fd842fe5000,0x00007fd8430e6000] [id=9895]

VM state:not at safepoint (normal execution)

VM Mutex/Monitor currently owned by a thread:  ([mutex/lock_event])
[0x00007fd868006420] ExpandHeap_lock - owner thread: 0x00007fd86800a800
[0x00007fd868006fa0] Heap_lock - owner thread: 0x00007fd86800a800

Heap:
 PSYoungGen      total 36864K, used 27708K [0x00000000d6f00000, 0x00000000db700000, 0x0000000100000000)
  eden space 31744K, 86% used [0x00000000d6f00000,0x00000000d89af288,0x00000000d8e00000)
  from space 5120K, 7% used [0x00000000d8e00000,0x00000000d8e60020,0x00000000d9300000)
  to   space 5120K, 0% used [0x00000000db200000,0x00000000db200000,0x00000000db700000)
 ParOldGen       total 799232K, used 780428K [0x0000000084c00000, 0x00000000b5880000, 0x00000000d6f00000)
  object space 799232K, 97% used [0x0000000084c00000,0x00000000b46231b0,0x00000000b5880000)
 Metaspace       used 2608K, capacity 4564K, committed 4864K, reserved 1056768K
  class space    used 273K, capacity 388K, committed 512K, reserved 1048576K

Card table byte_map: [0x00007fd86d455000,0x00007fd86d830000] byte_map_base: 0x00007fd86d02f000

Marking Bits: (ParMarkBitMap*) 0x00007fd86ff640a0
 Begin Bits: [0x00007fd850260000, 0x00007fd852130000)
 End Bits:   [0x00007fd852130000, 0x00007fd854000000)

Polling page: 0x00007fd870bb1000

CodeCache: size=245760Kb used=1486Kb max_used=1500Kb free=244273Kb
 bounds [0x00007fd859000000, 0x00007fd859270000, 0x00007fd868000000]
 total_blobs=325 nmethods=91 adapters=149
 compilation: enabled

Compilation events (10 events):
Event: 0,508 Thread 0x00007fd8680be000   80       3       java.io.BufferedWriter::newLine (9 bytes)
Event: 0,508 Thread 0x00007fd8680be000 nmethod 80 0x00007fd8591387d0 code [0x00007fd859138960, 0x00007fd859138cc8]
Event: 0,512 Thread 0x00007fd8680be000   88 %     3       Pack1.Strategy::strategia1 @ 194 (638 bytes)
Event: 0,549 Thread 0x00007fd8680be000 nmethod 88% 0x00007fd859138e50 code [0x00007fd859139c60, 0x00007fd8591439e8]
Event: 0,559 Thread 0x00007fd8680be000   89 %     3       Pack1.Strategy::strategia1 @ 579 (638 bytes)
Event: 0,584 Thread 0x00007fd8680be000 nmethod 89% 0x00007fd85914c490 code [0x00007fd85914d2a0, 0x00007fd859156d08]
Event: 0,599 Thread 0x00007fd8680be000   90       3       Pack1.Strategy::strategia1 (638 bytes)
Event: 0,622 Thread 0x00007fd8680be000 nmethod 90 0x00007fd85915f610 code [0x00007fd859160400, 0x00007fd859169c48]
Event: 0,622 Thread 0x00007fd8680b9800   91 %     4       Pack1.Strategy::strategia1 @ 579 (638 bytes)
Event: 0,662 Thread 0x00007fd8680b9800 nmethod 91% 0x00007fd859175a90 code [0x00007fd859175ca0, 0x00007fd8591766d8]

GC Heap History (2 events):
Event: 3,192 GC heap before
{Heap before GC invocations=1 (full 0):
 PSYoungGen      total 36864K, used 22715K [0x00000000d6f00000, 0x00000000d9800000, 0x0000000100000000)
  eden space 31744K, 71% used [0x00000000d6f00000,0x00000000d852ec30,0x00000000d8e00000)
  from space 5120K, 0% used [0x00000000d9300000,0x00000000d9300000,0x00000000d9800000)
  to   space 5120K, 0% used [0x00000000d8e00000,0x00000000d8e00000,0x00000000d9300000)
 ParOldGen       total 84992K, used 0K [0x0000000084c00000, 0x0000000089f00000, 0x00000000d6f00000)
  object space 84992K, 0% used [0x0000000084c00000,0x0000000084c00000,0x0000000089f00000)
 Metaspace       used 2607K, capacity 4564K, committed 4864K, reserved 1056768K
  class space    used 273K, capacity 388K, committed 512K, reserved 1048576K
Event: 3,238 GC heap after
Heap after GC invocations=1 (full 0):
 PSYoungGen      total 36864K, used 384K [0x00000000d6f00000, 0x00000000db700000, 0x0000000100000000)
  eden space 31744K, 0% used [0x00000000d6f00000,0x00000000d6f00000,0x00000000d8e00000)
  from space 5120K, 7% used [0x00000000d8e00000,0x00000000d8e60020,0x00000000d9300000)
  to   space 5120K, 0% used [0x00000000db200000,0x00000000db200000,0x00000000db700000)
 ParOldGen       total 84992K, used 7122K [0x0000000084c00000, 0x0000000089f00000, 0x00000000d6f00000)
  object space 84992K, 8% used [0x0000000084c00000,0x00000000852f4808,0x0000000089f00000)
 Metaspace       used 2607K, capacity 4564K, committed 4864K, reserved 1056768K
  class space    used 273K, capacity 388K, committed 512K, reserved 1048576K
}

Deoptimization events (1 events):
Event: 0,440 Thread 0x00007fd86800a800 Uncommon trap: reason=unstable_if action=reinterpret pc=0x00007fd85911ec64 method=Pack1.Procesor.nextCzas()V @ 49

Classes redefined (0 events):
No events

Internal exceptions (2 events):
Event: 0,170 Thread 0x00007fd86800a800 Exception <a 'java/lang/NoSuchMethodError': Method sun.misc.Unsafe.defineClass(Ljava/lang/String;[BII)Ljava/lang/Class; name or signature does not match> (0x00000000d6f07cb0) thrown at [/HUDSON/workspace/8-2-build-linux-amd64/jdk8u181/11358/hotspot/src/sh
Event: 0,170 Thread 0x00007fd86800a800 Exception <a 'java/lang/NoSuchMethodError': Method sun.misc.Unsafe.prefetchRead(Ljava/lang/Object;J)V name or signature does not match> (0x00000000d6f07f98) thrown at [/HUDSON/workspace/8-2-build-linux-amd64/jdk8u181/11358/hotspot/src/share/vm/prims/jni.c

Events (10 events):
Event: 0,370 loading class java/util/TimSort done
Event: 0,440 Thread 0x00007fd86800a800 Uncommon trap: trap_request=0xffffff65 fr.pc=0x00007fd85911ec64
Event: 0,440 Thread 0x00007fd86800a800 DEOPT PACKING pc=0x00007fd85911ec64 sp=0x00007fd870b8c7e0
Event: 0,440 Thread 0x00007fd86800a800 DEOPT UNPACKING pc=0x00007fd85904573a sp=0x00007fd870b8c7b0 mode 2
Event: 0,662 Thread 0x00007fd86800a800 DEOPT PACKING pc=0x00007fd85915638f sp=0x00007fd870b8c600
Event: 0,662 Thread 0x00007fd86800a800 DEOPT UNPACKING pc=0x00007fd859047784 sp=0x00007fd870b8c588 mode 0
Event: 3,192 Executing VM operation: ParallelGCFailedAllocation
Event: 3,238 Executing VM operation: ParallelGCFailedAllocation done
Event: 4,349 Executing VM operation: EnableBiasedLocking
Event: 4,369 Executing VM operation: EnableBiasedLocking done


Dynamic libraries:
00400000-00401000 r-xp 00000000 08:05 25088                              /usr/lib/jvm/java-8-oracle/bin/java
00600000-00601000 rw-p 00000000 08:05 25088                              /usr/lib/jvm/java-8-oracle/bin/java
01383000-013a4000 rw-p 00000000 00:00 0                                  [heap]
84c00000-b5880000 rw-p 00000000 00:00 0 
cea00000-d6f00000 ---p 00000000 00:00 0 
d6f00000-db700000 rw-p 00000000 00:00 0 
db700000-100000000 ---p 00000000 00:00 0 
100000000-100080000 rw-p 00000000 00:00 0 
100080000-140000000 ---p 00000000 00:00 0 
7fd818000000-7fd818021000 rw-p 00000000 00:00 0 
7fd818021000-7fd81c000000 ---p 00000000 00:00 0 
7fd820000000-7fd820378000 rw-p 00000000 00:00 0 
7fd820378000-7fd824000000 ---p 00000000 00:00 0 
7fd824000000-7fd824021000 rw-p 00000000 00:00 0 
7fd824021000-7fd828000000 ---p 00000000 00:00 0 
7fd828000000-7fd8280af000 rw-p 00000000 00:00 0 
7fd8280af000-7fd82c000000 ---p 00000000 00:00 0 
7fd82c000000-7fd82c021000 rw-p 00000000 00:00 0 
7fd82c021000-7fd830000000 ---p 00000000 00:00 0 
7fd830000000-7fd830021000 rw-p 00000000 00:00 0 
7fd830021000-7fd834000000 ---p 00000000 00:00 0 
7fd834000000-7fd834021000 rw-p 00000000 00:00 0 
7fd834021000-7fd838000000 ---p 00000000 00:00 0 
7fd838000000-7fd838021000 rw-p 00000000 00:00 0 
7fd838021000-7fd83c000000 ---p 00000000 00:00 0 
7fd83c000000-7fd83c021000 rw-p 00000000 00:00 0 
7fd83c021000-7fd840000000 ---p 00000000 00:00 0 
7fd842d5a000-7fd842fe5000 rw-p 00000000 00:00 0 
7fd842fe5000-7fd842fe6000 ---p 00000000 00:00 0 
7fd842fe6000-7fd8430e6000 rw-p 00000000 00:00 0                          [stack:9895]
7fd8430e6000-7fd8430e9000 ---p 00000000 00:00 0 
7fd8430e9000-7fd8431e7000 rw-p 00000000 00:00 0                          [stack:9894]
7fd8431e7000-7fd8431ea000 ---p 00000000 00:00 0 
7fd8431ea000-7fd8432e8000 rw-p 00000000 00:00 0                          [stack:9893]
7fd8432e8000-7fd8432eb000 ---p 00000000 00:00 0 
7fd8432eb000-7fd8433e9000 rw-p 00000000 00:00 0                          [stack:9892]
7fd8433e9000-7fd8433ec000 ---p 00000000 00:00 0 
7fd8433ec000-7fd8434ea000 rw-p 00000000 00:00 0                          [stack:9891]
7fd8434ea000-7fd8434ed000 ---p 00000000 00:00 0 
7fd8434ed000-7fd8435eb000 rw-p 00000000 00:00 0                          [stack:9890]
7fd8435eb000-7fd843dfe000 r--p 00000000 08:05 65577                      /usr/lib/locale/locale-archive
7fd843dfe000-7fd843e01000 ---p 00000000 00:00 0 
7fd843e01000-7fd843eff000 rw-p 00000000 00:00 0                          [stack:9889]
7fd843eff000-7fd843f02000 ---p 00000000 00:00 0 
7fd843f02000-7fd844000000 rw-p 00000000 00:00 0                          [stack:9888]
7fd844000000-7fd844021000 rw-p 00000000 00:00 0 
7fd844021000-7fd848000000 ---p 00000000 00:00 0 
7fd848000000-7fd848021000 rw-p 00000000 00:00 0 
7fd848021000-7fd84c000000 ---p 00000000 00:00 0 
7fd84c000000-7fd84c021000 rw-p 00000000 00:00 0 
7fd84c021000-7fd850000000 ---p 00000000 00:00 0 
7fd85005e000-7fd85005f000 ---p 00000000 00:00 0 
7fd85005f000-7fd854000000 rw-p 00000000 00:00 0                          [stack:9887]
7fd854000000-7fd854021000 rw-p 00000000 00:00 0 
7fd854021000-7fd858000000 ---p 00000000 00:00 0 
7fd858070000-7fd858095000 r--p 00000000 08:05 410443                     /usr/share/locale-langpack/pl/LC_MESSAGES/libc.mo
7fd858095000-7fd858e26000 rw-p 00000000 00:00 0 
7fd858e26000-7fd859000000 r--s 03d6b000 08:05 185715                     /usr/lib/jvm/java-8-oracle/jre/lib/rt.jar
7fd859000000-7fd859270000 rwxp 00000000 00:00 0 
7fd859270000-7fd868000000 ---p 00000000 00:00 0 
7fd868000000-7fd8680f8000 rw-p 00000000 00:00 0 
7fd8680f8000-7fd86c000000 ---p 00000000 00:00 0 
7fd86c01f000-7fd86c625000 rw-p 00000000 00:00 0 
7fd86c625000-7fd86c9e5000 ---p 00000000 00:00 0 
7fd86c9e5000-7fd86cdbf000 rw-p 00000000 00:00 0 
7fd86cdbf000-7fd86cdc0000 ---p 00000000 00:00 0 
7fd86cdc0000-7fd86cec0000 rw-p 00000000 00:00 0                          [stack:9886]
7fd86cec0000-7fd86cec1000 ---p 00000000 00:00 0 
7fd86cec1000-7fd86cfc1000 rw-p 00000000 00:00 0                          [stack:9885]
7fd86cfc1000-7fd86cfc2000 ---p 00000000 00:00 0 
7fd86cfc2000-7fd86d0c2000 rw-p 00000000 00:00 0                          [stack:9884]
7fd86d0c2000-7fd86d0c3000 ---p 00000000 00:00 0 
7fd86d0c3000-7fd86d34a000 rw-p 00000000 00:00 0                          [stack:9883]
7fd86d34a000-7fd86d455000 ---p 00000000 00:00 0 
7fd86d455000-7fd86d5dc000 rw-p 00000000 00:00 0 
7fd86d5dc000-7fd86d6e6000 ---p 00000000 00:00 0 
7fd86d6e6000-7fd86d70b000 rw-p 00000000 00:00 0 
7fd86d70b000-7fd86d82f000 ---p 00000000 00:00 0 
7fd86d82f000-7fd86d83a000 rw-p 00000000 00:00 0 
7fd86d83a000-7fd86dbf0000 ---p 00000000 00:00 0 
7fd86dbf0000-7fd86dc0b000 r-xp 00000000 08:05 309178                     /usr/lib/jvm/java-8-oracle/jre/lib/amd64/libzip.so
7fd86dc0b000-7fd86de0b000 ---p 0001b000 08:05 309178                     /usr/lib/jvm/java-8-oracle/jre/lib/amd64/libzip.so
7fd86de0b000-7fd86de0c000 rw-p 0001b000 08:05 309178                     /usr/lib/jvm/java-8-oracle/jre/lib/amd64/libzip.so
7fd86de0c000-7fd86de16000 r-xp 00000000 08:05 10751                      /lib/x86_64-linux-gnu/libnss_files-2.19.so
7fd86de16000-7fd86e015000 ---p 0000a000 08:05 10751                      /lib/x86_64-linux-gnu/libnss_files-2.19.so
7fd86e015000-7fd86e016000 r--p 00009000 08:05 10751                      /lib/x86_64-linux-gnu/libnss_files-2.19.so
7fd86e016000-7fd86e017000 rw-p 0000a000 08:05 10751                      /lib/x86_64-linux-gnu/libnss_files-2.19.so
7fd86e017000-7fd86e022000 r-xp 00000000 08:05 11112                      /lib/x86_64-linux-gnu/libnss_nis-2.19.so
7fd86e022000-7fd86e221000 ---p 0000b000 08:05 11112                      /lib/x86_64-linux-gnu/libnss_nis-2.19.so
7fd86e221000-7fd86e222000 r--p 0000a000 08:05 11112                      /lib/x86_64-linux-gnu/libnss_nis-2.19.so
7fd86e222000-7fd86e223000 rw-p 0000b000 08:05 11112                      /lib/x86_64-linux-gnu/libnss_nis-2.19.so
7fd86e223000-7fd86e23a000 r-xp 00000000 08:05 10735                      /lib/x86_64-linux-gnu/libnsl-2.19.so
7fd86e23a000-7fd86e439000 ---p 00017000 08:05 10735                      /lib/x86_64-linux-gnu/libnsl-2.19.so
7fd86e439000-7fd86e43a000 r--p 00016000 08:05 10735                      /lib/x86_64-linux-gnu/libnsl-2.19.so
7fd86e43a000-7fd86e43b000 rw-p 00017000 08:05 10735                      /lib/x86_64-linux-gnu/libnsl-2.19.so
7fd86e43b000-7fd86e43d000 rw-p 00000000 00:00 0 
7fd86e43d000-7fd86e446000 r-xp 00000000 08:05 11044                      /lib/x86_64-linux-gnu/libnss_compat-2.19.so
7fd86e446000-7fd86e645000 ---p 00009000 08:05 11044                      /lib/x86_64-linux-gnu/libnss_compat-2.19.so
7fd86e645000-7fd86e646000 r--p 00008000 08:05 11044                      /lib/x86_64-linux-gnu/libnss_compat-2.19.so
7fd86e646000-7fd86e647000 rw-p 00009000 08:05 11044                      /lib/x86_64-linux-gnu/libnss_compat-2.19.so
7fd86e647000-7fd86e672000 r-xp 00000000 08:05 309203                     /usr/lib/jvm/java-8-oracle/jre/lib/amd64/libjava.so
7fd86e672000-7fd86e871000 ---p 0002b000 08:05 309203                     /usr/lib/jvm/java-8-oracle/jre/lib/amd64/libjava.so
7fd86e871000-7fd86e873000 rw-p 0002a000 08:05 309203                     /usr/lib/jvm/java-8-oracle/jre/lib/amd64/libjava.so
7fd86e873000-7fd86e880000 r-xp 00000000 08:05 309217                     /usr/lib/jvm/java-8-oracle/jre/lib/amd64/libverify.so
7fd86e880000-7fd86ea80000 ---p 0000d000 08:05 309217                     /usr/lib/jvm/java-8-oracle/jre/lib/amd64/libverify.so
7fd86ea80000-7fd86ea82000 rw-p 0000d000 08:05 309217                     /usr/lib/jvm/java-8-oracle/jre/lib/amd64/libverify.so
7fd86ea82000-7fd86ea89000 r-xp 00000000 08:05 11009                      /lib/x86_64-linux-gnu/librt-2.19.so
7fd86ea89000-7fd86ec88000 ---p 00007000 08:05 11009                      /lib/x86_64-linux-gnu/librt-2.19.so
7fd86ec88000-7fd86ec89000 r--p 00006000 08:05 11009                      /lib/x86_64-linux-gnu/librt-2.19.so
7fd86ec89000-7fd86ec8a000 rw-p 00007000 08:05 11009                      /lib/x86_64-linux-gnu/librt-2.19.so
7fd86ec8a000-7fd86ed8f000 r-xp 00000000 08:05 10856                      /lib/x86_64-linux-gnu/libm-2.19.so
7fd86ed8f000-7fd86ef8e000 ---p 00105000 08:05 10856                      /lib/x86_64-linux-gnu/libm-2.19.so
7fd86ef8e000-7fd86ef8f000 r--p 00104000 08:05 10856                      /lib/x86_64-linux-gnu/libm-2.19.so
7fd86ef8f000-7fd86ef90000 rw-p 00105000 08:05 10856                      /lib/x86_64-linux-gnu/libm-2.19.so
7fd86ef90000-7fd86fc6c000 r-xp 00000000 08:05 309232                     /usr/lib/jvm/java-8-oracle/jre/lib/amd64/server/libjvm.so
7fd86fc6c000-7fd86fe6c000 ---p 00cdc000 08:05 309232                     /usr/lib/jvm/java-8-oracle/jre/lib/amd64/server/libjvm.so
7fd86fe6c000-7fd86ff46000 rw-p 00cdc000 08:05 309232                     /usr/lib/jvm/java-8-oracle/jre/lib/amd64/server/libjvm.so
7fd86ff46000-7fd86ff91000 rw-p 00000000 00:00 0 
7fd86ff91000-7fd87014f000 r-xp 00000000 08:05 10889                      /lib/x86_64-linux-gnu/libc-2.19.so
7fd87014f000-7fd87034f000 ---p 001be000 08:05 10889                      /lib/x86_64-linux-gnu/libc-2.19.so
7fd87034f000-7fd870353000 r--p 001be000 08:05 10889                      /lib/x86_64-linux-gnu/libc-2.19.so
7fd870353000-7fd870355000 rw-p 001c2000 08:05 10889                      /lib/x86_64-linux-gnu/libc-2.19.so
7fd870355000-7fd87035a000 rw-p 00000000 00:00 0 
7fd87035a000-7fd87035d000 r-xp 00000000 08:05 11008                      /lib/x86_64-linux-gnu/libdl-2.19.so
7fd87035d000-7fd87055c000 ---p 00003000 08:05 11008                      /lib/x86_64-linux-gnu/libdl-2.19.so
7fd87055c000-7fd87055d000 r--p 00002000 08:05 11008                      /lib/x86_64-linux-gnu/libdl-2.19.so
7fd87055d000-7fd87055e000 rw-p 00003000 08:05 11008                      /lib/x86_64-linux-gnu/libdl-2.19.so
7fd87055e000-7fd870574000 r-xp 00000000 08:05 26050                      /usr/lib/jvm/java-8-oracle/lib/amd64/jli/libjli.so
7fd870574000-7fd870773000 ---p 00016000 08:05 26050                      /usr/lib/jvm/java-8-oracle/lib/amd64/jli/libjli.so
7fd870773000-7fd870774000 rw-p 00015000 08:05 26050                      /usr/lib/jvm/java-8-oracle/lib/amd64/jli/libjli.so
7fd870774000-7fd87078d000 r-xp 00000000 08:05 10891                      /lib/x86_64-linux-gnu/libpthread-2.19.so
7fd87078d000-7fd87098c000 ---p 00019000 08:05 10891                      /lib/x86_64-linux-gnu/libpthread-2.19.so
7fd87098c000-7fd87098d000 r--p 00018000 08:05 10891                      /lib/x86_64-linux-gnu/libpthread-2.19.so
7fd87098d000-7fd87098e000 rw-p 00019000 08:05 10891                      /lib/x86_64-linux-gnu/libpthread-2.19.so
7fd87098e000-7fd870992000 rw-p 00000000 00:00 0 
7fd870992000-7fd8709b5000 r-xp 00000000 08:05 11041                      /lib/x86_64-linux-gnu/ld-2.19.so
7fd8709c2000-7fd870a8d000 rw-p 00000000 00:00 0 
7fd870a8d000-7fd870a90000 ---p 00000000 00:00 0 
7fd870a90000-7fd870b92000 rw-p 00000000 00:00 0                          [stack:9881]
7fd870b9e000-7fd870ba1000 rw-p 00000000 00:00 0 
7fd870ba1000-7fd870ba8000 r--s 00000000 08:05 268264                     /usr/lib/x86_64-linux-gnu/gconv/gconv-modules.cache
7fd870ba8000-7fd870bb0000 rw-s 00000000 08:05 1187236                    /tmp/hsperfdata_marcin/9877
7fd870bb0000-7fd870bb1000 rw-p 00000000 00:00 0 
7fd870bb1000-7fd870bb2000 r--p 00000000 00:00 0 
7fd870bb2000-7fd870bb4000 rw-p 00000000 00:00 0 
7fd870bb4000-7fd870bb5000 r--p 00022000 08:05 11041                      /lib/x86_64-linux-gnu/ld-2.19.so
7fd870bb5000-7fd870bb6000 rw-p 00023000 08:05 11041                      /lib/x86_64-linux-gnu/ld-2.19.so
7fd870bb6000-7fd870bb7000 rw-p 00000000 00:00 0 
7ffd49004000-7ffd49025000 rw-p 00000000 00:00 0                          [stack]
7ffd491a5000-7ffd491a7000 r-xp 00000000 00:00 0                          [vdso]
ffffffffff600000-ffffffffff601000 r-xp 00000000 00:00 0                  [vsyscall]

VM Arguments:
jvm_args: -Dfile.encoding=UTF-8 
java_command: Pack1.Main
java_class_path (initial): /home/marcin/Pulpit/java_testing/Systemy_operacyjne_5/bin
Launcher Type: SUN_STANDARD

Environment Variables:
JAVA_HOME=/usr/lib/jvm/java-8-oracle
PATH=/usr/local/sbin:/usr/local/bin:/usr/sbin:/usr/bin:/sbin:/bin:/usr/games:/usr/local/games:/usr/lib/jvm/java-8-oracle/bin:/usr/lib/jvm/java-8-oracle/db/bin:/usr/lib/jvm/java-8-oracle/jre/bin
SHELL=/bin/bash
DISPLAY=:0

Signal Handlers:
SIGSEGV: [libjvm.so+0xad2a40], sa_mask[0]=11111111011111111101111111111110, sa_flags=SA_RESTART|SA_SIGINFO
SIGBUS: [libjvm.so+0xad2a40], sa_mask[0]=11111111011111111101111111111110, sa_flags=SA_RESTART|SA_SIGINFO
SIGFPE: [libjvm.so+0x92a610], sa_mask[0]=11111111011111111101111111111110, sa_flags=SA_RESTART|SA_SIGINFO
SIGPIPE: [libjvm.so+0x92a610], sa_mask[0]=11111111011111111101111111111110, sa_flags=SA_RESTART|SA_SIGINFO
SIGXFSZ: [libjvm.so+0x92a610], sa_mask[0]=11111111011111111101111111111110, sa_flags=SA_RESTART|SA_SIGINFO
SIGILL: [libjvm.so+0x92a610], sa_mask[0]=11111111011111111101111111111110, sa_flags=SA_RESTART|SA_SIGINFO
SIGUSR1: SIG_DFL, sa_mask[0]=00000000000000000000000000000000, sa_flags=none
SIGUSR2: [libjvm.so+0x92be70], sa_mask[0]=00100000000000000000000000000000, sa_flags=SA_RESTART|SA_SIGINFO
SIGHUP: [libjvm.so+0x92d270], sa_mask[0]=11111111011111111101111111111110, sa_flags=SA_RESTART|SA_SIGINFO
SIGINT: [libjvm.so+0x92d270], sa_mask[0]=11111111011111111101111111111110, sa_flags=SA_RESTART|SA_SIGINFO
SIGTERM: [libjvm.so+0x92d270], sa_mask[0]=11111111011111111101111111111110, sa_flags=SA_RESTART|SA_SIGINFO
SIGQUIT: [libjvm.so+0x92d270], sa_mask[0]=11111111011111111101111111111110, sa_flags=SA_RESTART|SA_SIGINFO


---------------  S Y S T E M  ---------------

OS:DISTRIB_ID=Ubuntu
DISTRIB_RELEASE=14.04
DISTRIB_CODENAME=trusty
DISTRIB_DESCRIPTION="Ubuntu 14.04.5 LTS"

uname:Linux 3.13.0-137-generic #186-Ubuntu SMP Mon Dec 4 19:09:19 UTC 2017 x86_64
libc:glibc 2.19 NPTL 2.19 
rlimit: STACK 8192k, CORE 0k, NPROC 62869, NOFILE 4096, AS infinity
load average:10,49 8,11 7,69

/proc/meminfo:
MemTotal:        8069596 kB
MemFree:          136044 kB
Buffers:            5004 kB
Cached:           543600 kB
SwapCached:       204924 kB
Active:          6485788 kB
Inactive:        1238832 kB
Active(anon):    6457688 kB
Inactive(anon):  1219008 kB
Active(file):      28100 kB
Inactive(file):    19824 kB
Unevictable:           4 kB
Mlocked:               4 kB
SwapTotal:       2096124 kB
SwapFree:              4 kB
Dirty:              1164 kB
Writeback:             0 kB
AnonPages:       6971780 kB
Mapped:           110888 kB
Shmem:            500136 kB
Slab:              65684 kB
SReclaimable:      29144 kB
SUnreclaim:        36540 kB
KernelStack:        6760 kB
PageTables:        54108 kB
NFS_Unstable:          0 kB
Bounce:                0 kB
WritebackTmp:          0 kB
CommitLimit:     6130920 kB
Committed_AS:   15235708 kB
VmallocTotal:   34359738367 kB
VmallocUsed:      556692 kB
VmallocChunk:   34359169624 kB
HardwareCorrupted:     0 kB
AnonHugePages:   3962880 kB
HugePages_Total:       0
HugePages_Free:        0
HugePages_Rsvd:        0
HugePages_Surp:        0
Hugepagesize:       2048 kB
DirectMap4k:       61184 kB
DirectMap2M:     1929216 kB
DirectMap1G:     6291456 kB


CPU:total 4 (initial active 4) (2 cores per cpu, 2 threads per core) family 6 model 69 stepping 1, cmov, cx8, fxsr, mmx, sse, sse2, sse3, ssse3, sse4.1, sse4.2, popcnt, avx, avx2, aes, clmul, erms, lzcnt, ht, tsc, tscinvbit, bmi1, bmi2

/proc/cpuinfo:
processor	: 0
vendor_id	: GenuineIntel
cpu family	: 6
model		: 69
model name	: Intel(R) Core(TM) i5-4210U CPU @ 1.70GHz
stepping	: 1
microcode	: 0x17
cpu MHz		: 2400.000
cache size	: 3072 KB
physical id	: 0
siblings	: 4
core id		: 0
cpu cores	: 2
apicid		: 0
initial apicid	: 0
fpu		: yes
fpu_exception	: yes
cpuid level	: 13
wp		: yes
flags		: fpu vme de pse tsc msr pae mce cx8 apic sep mtrr pge mca cmov pat pse36 clflush dts acpi mmx fxsr sse sse2 ss ht tm pbe syscall nx pdpe1gb rdtscp lm constant_tsc arch_perfmon pebs bts rep_good nopl xtopology nonstop_tsc aperfmperf eagerfpu pni pclmulqdq dtes64 monitor ds_cpl vmx est tm2 ssse3 fma cx16 xtpr pdcm pcid sse4_1 sse4_2 movbe popcnt tsc_deadline_timer aes xsave avx f16c rdrand lahf_lm abm ida arat epb xsaveopt pln pts dtherm tpr_shadow vnmi flexpriority ept vpid fsgsbase tsc_adjust bmi1 avx2 smep bmi2 erms invpcid
bogomips	: 4789.02
clflush size	: 64
cache_alignment	: 64
address sizes	: 39 bits physical, 48 bits virtual
power management:

processor	: 1
vendor_id	: GenuineIntel
cpu family	: 6
model		: 69
model name	: Intel(R) Core(TM) i5-4210U CPU @ 1.70GHz
stepping	: 1
microcode	: 0x17
cpu MHz		: 2400.000
cache size	: 3072 KB
physical id	: 0
siblings	: 4
core id		: 0
cpu cores	: 2
apicid		: 1
initial apicid	: 1
fpu		: yes
fpu_exception	: yes
cpuid level	: 13
wp		: yes
flags		: fpu vme de pse tsc msr pae mce cx8 apic sep mtrr pge mca cmov pat pse36 clflush dts acpi mmx fxsr sse sse2 ss ht tm pbe syscall nx pdpe1gb rdtscp lm constant_tsc arch_perfmon pebs bts rep_good nopl xtopology nonstop_tsc aperfmperf eagerfpu pni pclmulqdq dtes64 monitor ds_cpl vmx est tm2 ssse3 fma cx16 xtpr pdcm pcid sse4_1 sse4_2 movbe popcnt tsc_deadline_timer aes xsave avx f16c rdrand lahf_lm abm ida arat epb xsaveopt pln pts dtherm tpr_shadow vnmi flexpriority ept vpid fsgsbase tsc_adjust bmi1 avx2 smep bmi2 erms invpcid
bogomips	: 4789.02
clflush size	: 64
cache_alignment	: 64
address sizes	: 39 bits physical, 48 bits virtual
power management:

processor	: 2
vendor_id	: GenuineIntel
cpu family	: 6
model		: 69
model name	: Intel(R) Core(TM) i5-4210U CPU @ 1.70GHz
stepping	: 1
microcode	: 0x17
cpu MHz		: 2400.000
cache size	: 3072 KB
physical id	: 0
siblings	: 4
core id		: 1
cpu cores	: 2
apicid		: 2
initial apicid	: 2
fpu		: yes
fpu_exception	: yes
cpuid level	: 13
wp		: yes
flags		: fpu vme de pse tsc msr pae mce cx8 apic sep mtrr pge mca cmov pat pse36 clflush dts acpi mmx fxsr sse sse2 ss ht tm pbe syscall nx pdpe1gb rdtscp lm constant_tsc arch_perfmon pebs bts rep_good nopl xtopology nonstop_tsc aperfmperf eagerfpu pni pclmulqdq dtes64 monitor ds_cpl vmx est tm2 ssse3 fma cx16 xtpr pdcm pcid sse4_1 sse4_2 movbe popcnt tsc_deadline_timer aes xsave avx f16c rdrand lahf_lm abm ida arat epb xsaveopt pln pts dtherm tpr_shadow vnmi flexpriority ept vpid fsgsbase tsc_adjust bmi1 avx2 smep bmi2 erms invpcid
bogomips	: 4789.02
clflush size	: 64
cache_alignment	: 64
address sizes	: 39 bits physical, 48 bits virtual
power management:

processor	: 3
vendor_id	: GenuineIntel
cpu family	: 6
model		: 69
model name	: Intel(R) Core(TM) i5-4210U CPU @ 1.70GHz
stepping	: 1
microcode	: 0x17
cpu MHz		: 2400.000
cache size	: 3072 KB
physical id	: 0
siblings	: 4
core id		: 1
cpu cores	: 2
apicid		: 3
initial apicid	: 3
fpu		: yes
fpu_exception	: yes
cpuid level	: 13
wp		: yes
flags		: fpu vme de pse tsc msr pae mce cx8 apic sep mtrr pge mca cmov pat pse36 clflush dts acpi mmx fxsr sse sse2 ss ht tm pbe syscall nx pdpe1gb rdtscp lm constant_tsc arch_perfmon pebs bts rep_good nopl xtopology nonstop_tsc aperfmperf eagerfpu pni pclmulqdq dtes64 monitor ds_cpl vmx est tm2 ssse3 fma cx16 xtpr pdcm pcid sse4_1 sse4_2 movbe popcnt tsc_deadline_timer aes xsave avx f16c rdrand lahf_lm abm ida arat epb xsaveopt pln pts dtherm tpr_shadow vnmi flexpriority ept vpid fsgsbase tsc_adjust bmi1 avx2 smep bmi2 erms invpcid
bogomips	: 4789.02
clflush size	: 64
cache_alignment	: 64
address sizes	: 39 bits physical, 48 bits virtual
power management:



Memory: 4k page, physical 8069596k(136044k free), swap 2096124k(4k free)

vm_info: Java HotSpot(TM) 64-Bit Server VM (25.181-b13) for linux-amd64 JRE (1.8.0_181-b13), built on Jul  7 2018 00:56:38 by "java_re" with gcc 4.3.0 20080428 (Red Hat 4.3.0-8)

time: Mon May 13 18:12:01 2019
elapsed time: 80 seconds (0d 0h 1m 20s)

